1.200000000000000000e+01 1.199853515625000000e+01 1.129617604453302881e+01 8.250851670334254706e+00 5.980096082815224534e+00 1.490632887021836162e+00
1.200000000000000000e+01 1.200000000000000000e+01 1.129254051986825402e+01 8.256797603671509833e+00 5.984779381752611371e+00 1.497044711488124458e+00
1.200000000000000000e+01 1.199951171875000000e+01 1.128846448376932443e+01 8.249813253695883475e+00 5.967206315610195766e+00 1.479923043453624132e+00
1.200000000000000000e+01 1.200000000000000000e+01 1.127878444049422058e+01 8.237087856563508836e+00 5.979192778910141115e+00 1.457290871782473296e+00
1.200000000000000000e+01 1.199951171875000000e+01 1.126298944187895934e+01 8.251800491800466375e+00 5.982371218364026078e+00 1.457743352769878875e+00
1.200000000000000000e+01 1.199902343750000000e+01 1.124933803881233274e+01 8.255910245835767824e+00 6.018730718918998690e+00 1.453467939709668588e+00
1.200000000000000000e+01 1.199902343750000000e+01 1.124772127113485354e+01 8.292316920052705598e+00 6.030377899730209990e+00 1.439703075152723777e+00
1.200000000000000000e+01 1.199853515625000000e+01 1.124399594578082784e+01 8.304703245833858105e+00 6.056507135759316540e+00 1.427030591212128829e+00
1.200000000000000000e+01 1.199804687500000000e+01 1.122528031064645759e+01 8.312659627125499995e+00 6.091978118065666692e+00 1.418444329458189657e+00
1.200000000000000000e+01 1.199658203125000000e+01 1.122314493420349635e+01 8.344573996310845843e+00 6.107058965440575804e+00 1.409314444454486726e+00
1.200000000000000000e+01 1.199755859375000000e+01 1.121069840336856061e+01 8.360177634371282807e+00 6.138703433909158846e+00 1.411473720222503392e+00
1.200000000000000000e+01 1.199755859375000000e+01 1.121434001927032398e+01 8.381540043620901770e+00 6.171070292862891549e+00 1.415972101961983975e+00
1.200000000000000000e+01 1.199853515625000000e+01 1.121207379941152027e+01 8.393950655276901429e+00 6.193390998425172711e+00 1.442024989650048994e+00
1.200000000000000000e+01 1.199951171875000000e+01 1.121193796424269351e+01 8.414249572251467413e+00 6.224565092671380029e+00 1.484395105181959273e+00
1.200000000000000000e+01 1.199902343750000000e+01 1.120160207865045621e+01 8.440815002251177646e+00 6.294333689144803401e+00 1.520013711372130150e+00
1.200000000000000000e+01 1.199658203125000000e+01 1.121491085816658462e+01 8.452078953929499150e+00 6.309687722304602175e+00 1.555545134665236029e+00
1.200000000000000000e+01 1.199902343750000000e+01 1.120463257069829766e+01 8.484972256885205510e+00 6.353083119770186471e+00 1.600516552423173477e+00
1.200000000000000000e+01 1.199707031250000000e+01 1.120479456272421537e+01 8.526311052500032517e+00 6.390367408326578236e+00 1.655425256659161626e+00
1.200000000000000000e+01 1.199658203125000000e+01 1.121792731950001354e+01 8.552415783447457898e+00 6.432961780295794796e+00 1.719475551920670142e+00
1.200000000000000000e+01 1.199560546875000000e+01 1.120366114989427508e+01 8.575691210451694246e+00 6.469298398282408158e+00 1.775826494545526213e+00
1.200000000000000000e+01 1.199609375000000000e+01 1.121060381096530456e+01 8.628150870646484449e+00 6.515871663740782083e+00 1.827053787452539879e+00
1.200000000000000000e+01 1.199804687500000000e+01 1.122096181521868985e+01 8.645261063064165086e+00 6.561892473952104510e+00 1.872850568287753870e+00
1.200000000000000000e+01 1.199755859375000000e+01 1.122341283393649825e+01 8.672166003570406900e+00 6.596407318849661472e+00 1.934217616353920199e+00
1.200000000000000000e+01 1.199804687500000000e+01 1.121994866175242045e+01 8.686117350056566266e+00 6.626341234497370891e+00 1.994229243849143351e+00
1.200000000000000000e+01 1.199707031250000000e+01 1.123910682952750406e+01 8.713002315991818847e+00 6.665669946092271481e+00 2.061456662478467816e+00
1.200000000000000000e+01 1.199511718750000000e+01 1.124509631391890707e+01 8.753880472906931942e+00 6.700815866735332804e+00 2.133599513804277148e+00
1.200000000000000000e+01 1.199560546875000000e+01 1.126026065603653592e+01 8.783926141871393867e+00 6.725353301670526918e+00 2.202832166954541648e+00
1.200000000000000000e+01 1.199755859375000000e+01 1.125794451589866796e+01 8.812935564036207481e+00 6.769407677252248234e+00 2.265887593276994849e+00
1.200000000000000000e+01 1.199804687500000000e+01 1.123948787546759931e+01 8.834100871404915623e+00 6.799012769326719052e+00 2.321487187399294605e+00
1.200000000000000000e+01 1.199804687500000000e+01 1.124760389015769135e+01 8.862671323968864812e+00 6.829794319668146763e+00 2.394861483793229162e+00
1.200000000000000000e+01 1.199853515625000000e+01 1.123722088885664938e+01 8.906336952059106693e+00 6.865473236155641423e+00 2.451040233979060901e+00
1.200000000000000000e+01 1.199707031250000000e+01 1.123890382374572994e+01 8.920869105666863419e+00 6.905800816923806984e+00 2.512708363936614120e+00
1.200000000000000000e+01 1.199804687500000000e+01 1.125208195586896665e+01 8.945471974084181710e+00 6.946533696827238202e+00 2.574624226598274834e+00
1.200000000000000000e+01 1.199755859375000000e+01 1.127628187404014426e+01 8.965278653314880941e+00 6.969099308620086752e+00 2.634292597488168131e+00
1.200000000000000000e+01 1.199755859375000000e+01 1.128104341005892941e+01 9.011611721315844648e+00 7.005361991630204344e+00 2.698801926362004444e+00
1.200000000000000000e+01 1.199609375000000000e+01 1.128656524886196166e+01 9.018781914179712089e+00 7.036263784917736075e+00 2.754602345125735319e+00
1.200000000000000000e+01 1.199658203125000000e+01 1.129117236932174606e+01 9.051832245429560331e+00 7.074071740668521180e+00 2.811244865709869867e+00
1.200000000000000000e+01 1.199755859375000000e+01 1.130381453866391084e+01 9.089257084175383028e+00 7.099357053507015181e+00 2.864456171122512718e+00
1.200000000000000000e+01 1.199658203125000000e+01 1.130431729580205413e+01 9.103330080005402891e+00 7.122331321530932513e+00 2.918573341374034236e+00
1.200000000000000000e+01 1.199707031250000000e+01 1.130857847273412276e+01 9.125678430808381592e+00 7.144590956110265623e+00 2.973861938491728196e+00
1.200000000000000000e+01 1.199853515625000000e+01 1.132232009025993236e+01 9.150353704167326185e+00 7.173831078583356557e+00 3.017128132137271379e+00
1.200000000000000000e+01 1.199902343750000000e+01 1.132740814205904911e+01 9.163285183081541163e+00 7.204327820990971354e+00 3.066070972065663369e+00
1.200000000000000000e+01 1.199804687500000000e+01 1.134221476971450571e+01 9.185656991702488838e+00 7.226035169366924471e+00 3.112759374869610518e+00
1.200000000000000000e+01 1.199804687500000000e+01 1.132174909318979061e+01 9.194001234638307096e+00 7.250125662657175951e+00 3.156494710082862198e+00
1.200000000000000000e+01 1.199804687500000000e+01 1.131885924105331043e+01 9.229413034357271783e+00 7.286834539667217392e+00 3.246079792842779366e+00
1.200000000000000000e+01 1.199853515625000000e+01 1.132443295775723868e+01 9.252111902006154409e+00 7.289605856385245275e+00 3.286660666954047016e+00
1.200000000000000000e+01 1.199902343750000000e+01 1.133329819076792688e+01 9.277395166171295671e+00 7.308980819816555119e+00 3.324638034640987172e+00
1.200000000000000000e+01 1.199951171875000000e+01 1.134354853493780269e+01 9.304055685056223268e+00 7.333530284745664929e+00 3.359645175684387475e+00
1.200000000000000000e+01 1.199951171875000000e+01 1.134296259412619357e+01 9.319456129299185321e+00 7.356108825766466630e+00 3.396274522938504958e+00
1.200000000000000000e+01 1.199804687500000000e+01 1.134538199014088633e+01 9.346620387606673575e+00 7.377120893197278484e+00 3.433548351354182682e+00
1.200000000000000000e+01 1.199853515625000000e+01 1.135212378985687209e+01 9.380309250850732639e+00 7.373772058196971457e+00 3.466205002675746716e+00
1.200000000000000000e+01 1.199853515625000000e+01 1.135613887826805879e+01 9.384125923333931141e+00 7.384982809443807028e+00 3.499983420453438132e+00
1.200000000000000000e+01 1.199804687500000000e+01 1.137201603121654436e+01 9.406572863567522091e+00 7.418998015904533894e+00 3.561275967440114876e+00
1.200000000000000000e+01 1.199707031250000000e+01 1.138768344682008049e+01 9.433709765692812610e+00 7.441903923079163263e+00 3.593192713299087515e+00
1.200000000000000000e+01 1.199755859375000000e+01 1.139695532894331720e+01 9.441432025839265663e+00 7.453481666510217707e+00 3.618112772932578380e+00
1.200000000000000000e+01 1.199804687500000000e+01 1.138516002092530854e+01 9.451670867949285793e+00 7.454511926001863742e+00 3.641662111623749531e+00
1.200000000000000000e+01 1.199902343750000000e+01 1.140797476082538253e+01 9.467952582412120677e+00 7.487887509227176608e+00 3.694863122322444404e+00
1.200000000000000000e+01 1.199902343750000000e+01 1.140764963643583130e+01 9.487719265640887301e+00 7.500275400277532256e+00 3.718353018318768299e+00
1.200000000000000000e+01 1.199902343750000000e+01 1.138769534966580466e+01 9.512016833846544728e+00 7.518944716756423396e+00 3.764629296450454188e+00
1.200000000000000000e+01 1.199853515625000000e+01 1.140894906076824178e+01 9.499368019058657353e+00 7.529444101168190073e+00 3.787690753501597563e+00
1.200000000000000000e+01 1.199804687500000000e+01 1.142010638586337556e+01 9.519478481212750864e+00 7.540078857973107063e+00 3.809706999188740451e+00
1.200000000000000000e+01 1.199707031250000000e+01 1.141787246742971362e+01 9.556889461518242257e+00 7.546088098349713391e+00 3.852435011893500239e+00
1.200000000000000000e+01 1.199707031250000000e+01 1.143244881869492602e+01 9.549128760192552079e+00 7.556368255506901832e+00 3.894128368383234395e+00
1.200000000000000000e+01 1.199707031250000000e+01 1.143789470282756326e+01 9.565077015408732564e+00 7.573403702411320992e+00 3.907850974411729794e+00
1.200000000000000000e+01 1.199511718750000000e+01 1.143732683670373440e+01 9.555092252635368766e+00 7.614070768412165791e+00 3.942423874931077155e+00
1.200000000000000000e+01 1.199707031250000000e+01 1.143955237406926173e+01 9.555449317697215506e+00 7.640055452063625907e+00 3.961946107410564633e+00
1.200000000000000000e+01 1.199414062500000000e+01 1.145981846195253340e+01 9.595696744674519607e+00 7.646582488754650520e+00 3.991144400211015686e+00
1.200000000000000000e+01 1.199560546875000000e+01 1.142146007456165790e+01 9.618250978214319957e+00 7.656859115648123826e+00 4.027554320255398501e+00
1.200000000000000000e+01 1.199609375000000000e+01 1.143935887666480511e+01 9.633380569648771541e+00 7.649246584385399395e+00 4.061994087757407890e+00
1.200000000000000000e+01 1.199316406250000000e+01 1.143815440774615411e+01 9.637708669092816649e+00 7.655152734261161385e+00 4.079220800587592066e+00
1.200000000000000000e+01 1.199365234375000000e+01 1.140137899282307643e+01 9.637826072419208856e+00 7.684923876521663644e+00 4.103494922218845709e+00
1.200000000000000000e+01 1.199542117004341790e+01 1.141976065485199499e+01 9.683594191649312677e+00 7.688971792725086019e+00 4.121697074226686297e+00
1.200000000000000000e+01 1.199493288879341790e+01 1.140252164743061236e+01 9.647833514810315592e+00 7.692885660248160562e+00 4.144594112945006792e+00
1.200000000000000000e+01 1.199560546875000000e+01 1.141200797800773792e+01 9.652131294200842149e+00 7.705533476677847382e+00 4.175574347094473282e+00
1.200000000000000000e+01 1.199365234375000000e+01 1.142147713213189419e+01 9.684697859023687627e+00 7.718850997270685355e+00 4.208299185726093405e+00
1.200000000000000000e+01 1.199755859375000000e+01 1.142609872489679823e+01 9.679143487179439731e+00 7.704311894622186685e+00 4.233256541093488146e+00
1.200000000000000000e+01 1.199609375000000000e+01 1.143159513910138259e+01 9.689635552726619139e+00 7.709507666592898545e+00 4.254955331291182752e+00
1.200000000000000000e+01 1.199511718750000000e+01 1.143822137955896423e+01 9.733710958525474410e+00 7.726922339352330305e+00 4.274720453283016752e+00
1.200000000000000000e+01 1.199609375000000000e+01 1.144845245693252700e+01 9.735955399115969300e+00 7.744288568314320997e+00 4.286319775808878241e+00
1.200000000000000000e+01 1.199462890625000000e+01 1.145869254498444789e+01 9.744491911559929775e+00 7.753270946307784683e+00 4.320351029962059108e+00
1.200000000000000000e+01 1.199560546875000000e+01 1.148671669351085711e+01 9.762890258742061178e+00 7.762776178699355434e+00 4.338996709333405200e+00
1.200000000000000000e+01 1.199755859375000000e+01 1.148206303286910313e+01 9.772963937694303382e+00 7.772097726047906718e+00 4.360430806967954709e+00
1.200000000000000000e+01 1.199316406250000000e+01 1.149430142178065850e+01 9.796199334028557359e+00 7.767359372617301361e+00 4.381426179589251291e+00
1.200000000000000000e+01 1.199316406250000000e+01 1.147564801729897255e+01 9.758455642911222583e+00 7.791169012572350283e+00 4.409862780359620871e+00
1.200000000000000000e+01 1.199365234375000000e+01 1.149212136717702037e+01 9.758343960087852764e+00 7.785654038101153418e+00 4.433532816437145030e+00
1.200000000000000000e+01 1.199755859375000000e+01 1.147330070853045569e+01 9.794030416129944072e+00 7.799370232468332276e+00 4.449831746090711526e+00
1.200000000000000000e+01 1.199658203125000000e+01 1.150046339919602545e+01 9.811404470338391803e+00 7.791016684009409055e+00 4.470752379675705157e+00
1.200000000000000000e+01 1.199755859375000000e+01 1.149217576623134818e+01 9.798539542792154222e+00 7.784793234870658551e+00 4.479694734871238815e+00
1.200000000000000000e+01 1.199707031250000000e+01 1.149509759485898819e+01 9.804909960697331783e+00 7.794509681577425297e+00 4.496130747317337750e+00
1.200000000000000000e+01 1.199707031250000000e+01 1.147653100451326225e+01 9.805393825946216779e+00 7.795281397012447933e+00 4.506560299064711117e+00
1.200000000000000000e+01 1.199609375000000000e+01 1.147187032712571053e+01 9.818802268362912145e+00 7.790151298813740688e+00 4.523660381356478410e+00
1.200000000000000000e+01 1.199707031250000000e+01 1.149907409634648658e+01 9.832685335546880623e+00 7.778048147005463875e+00 4.539250293959069538e+00
1.200000000000000000e+01 1.199658203125000000e+01 1.145893018532527918e+01 9.804410505973246259e+00 7.755700906484057633e+00 4.545078510200291078e+00
1.200000000000000000e+01 1.199560546875000000e+01 1.143507177920112738e+01 9.812099932795874224e+00 7.751345993399858969e+00 4.551543160270932198e+00
1.200000000000000000e+01 1.199658203125000000e+01 1.144004784427886534e+01 9.833972573094188263e+00 7.774304478645071015e+00 4.561996651141249970e+00
1.200000000000000000e+01 1.199755859375000000e+01 1.142140705285819280e+01 9.860078993899442423e+00 7.780364641181019891e+00 4.567441592226192171e+00
1.200000000000000000e+01 1.199511718750000000e+01 1.141457742188870128e+01 9.828838762274639151e+00 7.773226610886094790e+00 4.563113061253657676e+00
1.200000000000000000e+01 1.199707031250000000e+01 1.139774657561918758e+01 9.819923870407102129e+00 7.734087642018987907e+00 4.542186691614016780e+00
1.200000000000000000e+01 1.199609375000000000e+01 1.139747257060927765e+01 9.849263469582558272e+00 7.722848119063791650e+00 4.507460415845618407e+00
1.200000000000000000e+01 1.199560546875000000e+01 1.138462692682617750e+01 9.842556510840264394e+00 7.758727825389184929e+00 4.488714710400014241e+00
1.200000000000000000e+01 1.199414062500000000e+01 1.138843716399234118e+01 9.796074671386231003e+00 7.671826554558444755e+00 4.462891438441391578e+00
1.200000000000000000e+01 1.199365234375000000e+01 1.139647246901754762e+01 9.790592842046805799e+00 7.714652376927948474e+00 4.452121877146535844e+00
1.200000000000000000e+01 1.199560546875000000e+01 1.138851097755996378e+01 9.794872176985855106e+00 7.689649266533516325e+00 4.445188864917276383e+00
1.200000000000000000e+01 1.199560546875000000e+01 1.140300122490450718e+01 9.791767170602943438e+00 7.640978748153218980e+00 4.424512980940041196e+00
1.200000000000000000e+01 1.199267578125000000e+01 1.139633524571723555e+01 9.787860835856665886e+00 7.631947070679863998e+00 4.401869611639770419e+00
1.200000000000000000e+01 1.199218750000000000e+01 1.138827760951454948e+01 9.793763322727368603e+00 7.623341192017958790e+00 4.374899060210118762e+00
1.200000000000000000e+01 1.199365234375000000e+01 1.138851728409047226e+01 9.774767316720627264e+00 7.606784788866564284e+00 4.336418384305284590e+00
1.200000000000000000e+01 1.199365234375000000e+01 1.137056274310748094e+01 9.755601202636025704e+00 7.574639795303150791e+00 4.281400178029954873e+00
1.200000000000000000e+01 1.199316406250000000e+01 1.135924617043681195e+01 9.738148264150620292e+00 7.569759476242483132e+00 4.236959969047481955e+00
1.200000000000000000e+01 1.199218750000000000e+01 1.134514586360516830e+01 9.730724720333078892e+00 7.548274898253450438e+00 4.209190098373572830e+00
1.200000000000000000e+01 1.199316406250000000e+01 1.135445404105515266e+01 9.714725820849615445e+00 7.496661029469034787e+00 4.199806897907089720e+00
1.200000000000000000e+01 1.199316406250000000e+01 1.134811597101034941e+01 9.716452591256944160e+00 7.514609677442304125e+00 4.184291526992900856e+00
1.200000000000000000e+01 1.199169921875000000e+01 1.133805573715579484e+01 9.715557710477156661e+00 7.494720419433358316e+00 4.186097099411430378e+00
1.200000000000000000e+01 1.199121093750000000e+01 1.134045451250873882e+01 9.700777419168444382e+00 7.478728109807948776e+00 4.185038728110392903e+00
1.200000000000000000e+01 1.199072265625000000e+01 1.133967263952172999e+01 9.698775143036087343e+00 7.459553968101966248e+00 4.171982994800202960e+00
1.200000000000000000e+01 1.199169921875000000e+01 1.134126653802023910e+01 9.693070045337169205e+00 7.433334153805617461e+00 4.153073439517546817e+00
1.200000000000000000e+01 1.199462890625000000e+01 1.133885615268390623e+01 9.676042418462728278e+00 7.463301769144023545e+00 4.133071087687172351e+00
1.200000000000000000e+01 1.199365234375000000e+01 1.133927659373192043e+01 9.688144410657283601e+00 7.467192001514618482e+00 4.106050547058991640e+00
1.200000000000000000e+01 1.199511718750000000e+01 1.133903789597101053e+01 9.688920470249524186e+00 7.453214396701154598e+00 4.082091254740980446e+00
1.200000000000000000e+01 1.199658203125000000e+01 1.133167633573691901e+01 9.691122829833350494e+00 7.432625899337169884e+00 4.057322668612674654e+00
1.200000000000000000e+01 1.199658203125000000e+01 1.134351800894590667e+01 9.677488486921323130e+00 7.430325813695960235e+00 4.029325574162741397e+00
1.200000000000000000e+01 1.199755859375000000e+01 1.135951724297682297e+01 9.674536264878884850e+00 7.417546339236019470e+00 4.007332785365698591e+00
1.200000000000000000e+01 1.199755859375000000e+01 1.136156616551714116e+01 9.670796003838514565e+00 7.427041282134400291e+00 3.982687165099568105e+00
1.200000000000000000e+01 1.199755859375000000e+01 1.137439243508947584e+01 9.674685710634918223e+00 7.421251662502900359e+00 3.960235824085535317e+00
1.200000000000000000e+01 1.199853515625000000e+01 1.138849718562449986e+01 9.691898287953586433e+00 7.404230588879899599e+00 3.943076198889945871e+00
1.200000000000000000e+01 1.199804687500000000e+01 1.140004715618622022e+01 9.710408828951898386e+00 7.380038879145645048e+00 3.919521010936579231e+00
1.200000000000000000e+01 1.199755859375000000e+01 1.141563158578686910e+01 9.699871745134158729e+00 7.388711940580657611e+00 3.902911152524785710e+00
1.200000000000000000e+01 1.199755859375000000e+01 1.142206955168780880e+01 9.709148015532036879e+00 7.385946085560163965e+00 3.887225237445323778e+00
1.200000000000000000e+01 1.199658203125000000e+01 1.143245899420781519e+01 9.701930197882507656e+00 7.397248428939212417e+00 3.870987439235360927e+00
1.200000000000000000e+01 1.199707031250000000e+01 1.143997146125184372e+01 9.711996874686407821e+00 7.405333621935105803e+00 3.852535224253898605e+00
1.200000000000000000e+01 1.199902343750000000e+01 1.145451984194463968e+01 9.717232331186210104e+00 7.396899503076660665e+00 3.837798555319637650e+00
1.200000000000000000e+01 1.199951171875000000e+01 1.144513261885675881e+01 9.731250637268082926e+00 7.426551472299876444e+00 3.826416751784034176e+00
1.200000000000000000e+01 1.199853515625000000e+01 1.144922349027131148e+01 9.719346856324840189e+00 7.451884147341003128e+00 3.805881467834670406e+00
1.200000000000000000e+01 1.199804687500000000e+01 1.146406430864720605e+01 9.739652410677186012e+00 7.422698268328560722e+00 3.791151018733572631e+00
1.200000000000000000e+01 1.199707031250000000e+01 1.146591649441091043e+01 9.759493394645073039e+00 7.417178152022545490e+00 3.774133400106093994e+00
1.200000000000000000e+01 1.199755859375000000e+01 1.148294341032146626e+01 9.751628634011975549e+00 7.410136683857825979e+00 3.753228400871623016e+00
1.200000000000000000e+01 1.199804687500000000e+01 1.149700981629477070e+01 9.764184544726013826e+00 7.404956030018155388e+00 3.738489914570377159e+00
1.200000000000000000e+01 1.199853515625000000e+01 1.151111557349044290e+01 9.777718434642871159e+00 7.411953669033128911e+00 3.720251858045807047e+00
1.200000000000000000e+01 1.199853515625000000e+01 1.153564234338401029e+01 9.806750795033234880e+00 7.399354176332348487e+00 3.701117009545665137e+00
1.200000000000000000e+01 1.199853515625000000e+01 1.153476721504207703e+01 9.821483837487587465e+00 7.414349112205264269e+00 3.679305948916590019e+00
1.200000000000000000e+01 1.199707031250000000e+01 1.154590410850636850e+01 9.824155163398994972e+00 7.424752461978807894e+00 3.659752070497935161e+00
1.200000000000000000e+01 1.199755859375000000e+01 1.155676375758859464e+01 9.830643042026778744e+00 7.445199299455282471e+00 3.634776366704462358e+00
1.200000000000000000e+01 1.199804687500000000e+01 1.156231776991712756e+01 9.838614080252032323e+00 7.430509173198804440e+00 3.611055148280300386e+00
1.200000000000000000e+01 1.199804687500000000e+01 1.156614355261420890e+01 9.847787155932525849e+00 7.421367535967817730e+00 3.589071520897400003e+00
1.200000000000000000e+01 1.199902343750000000e+01 1.157453825635470324e+01 9.861687611181146451e+00 7.418452761921429328e+00 3.559595347631514084e+00
1.200000000000000000e+01 1.199902343750000000e+01 1.159787414720564946e+01 9.877212712398842243e+00 7.408515972602508270e+00 3.528589304161589890e+00
1.200000000000000000e+01 1.200000000000000000e+01 1.159868448568684585e+01 9.912515118259626945e+00 7.415970322382474222e+00 3.488126268610182823e+00
1.200000000000000000e+01 1.199951171875000000e+01 1.161046394127168213e+01 9.915944946946053662e+00 7.424571735354948743e+00 3.460708620109689271e+00
1.200000000000000000e+01 1.199902343750000000e+01 1.161473621922545263e+01 9.941416879387636740e+00 7.434112586249782773e+00 3.427974215093967381e+00
1.200000000000000000e+01 1.199902343750000000e+01 1.162649213571855888e+01 9.952849951522260596e+00 7.452630147789683690e+00 3.402185927418353462e+00
1.200000000000000000e+01 1.199902343750000000e+01 1.162431380844775575e+01 9.975554422571136115e+00 7.455434371604539479e+00 3.368583270862758550e+00
1.200000000000000000e+01 1.199658203125000000e+01 1.163859226840654060e+01 9.970309979761308838e+00 7.455100894668486688e+00 3.343887744398071682e+00
1.200000000000000000e+01 1.199707031250000000e+01 1.165407849276438235e+01 9.961355706104718877e+00 7.435013312257855667e+00 3.309852054238809682e+00
1.200000000000000000e+01 1.199853515625000000e+01 1.163758177878559152e+01 9.941594073576414559e+00 7.418377453065870597e+00 3.280813357793551432e+00
1.200000000000000000e+01 1.199902343750000000e+01 1.163375173959880904e+01 9.955690620354907594e+00 7.410189691839487836e+00 3.263155746709806238e+00
1.200000000000000000e+01 1.199902343750000000e+01 1.161669258359760804e+01 9.984139501358654911e+00 7.418976509286418164e+00 3.236537496402332792e+00
1.200000000000000000e+01 1.199853515625000000e+01 1.163681629345605728e+01 1.000028685276599560e+01 7.443737719023095778e+00 3.212135178326752882e+00
1.200000000000000000e+01 1.199755859375000000e+01 1.163349753660951436e+01 9.993821644321199571e+00 7.440409079541661086e+00 3.184592207417548337e+00
1.200000000000000000e+01 1.199560546875000000e+01 1.162432402426317779e+01 9.999204930043024575e+00 7.406324931966593361e+00 3.164658940830589628e+00
1.200000000000000000e+01 1.199853515625000000e+01 1.162799721312001822e+01 9.978013918837921992e+00 7.403531509278549194e+00 3.145675053465442517e+00
1.200000000000000000e+01 1.199804687500000000e+01 1.164115011912122277e+01 9.979582159064019464e+00 7.388354893527676381e+00 3.119396277147381991e+00
1.200000000000000000e+01 1.199707031250000000e+01 1.162939677208751021e+01 9.987644552767005024e+00 7.381017714104876504e+00 3.100720038824362312e+00
1.200000000000000000e+01 1.199707031250000000e+01 1.162373329173756531e+01 9.970874806338636986e+00 7.361867408923322031e+00 3.076809379996831684e+00
1.200000000000000000e+01 1.199755859375000000e+01 1.161480407346735433e+01 9.985400576432944320e+00 7.347941252215167474e+00 3.055801816701434248e+00
1.200000000000000000e+01 1.199609375000000000e+01 1.160404381127957585e+01 9.963853692615074920e+00 7.302022802921703359e+00 3.033509772554372041e+00
1.200000000000000000e+01 1.199755859375000000e+01 1.160215428403177818e+01 9.986569062975767963e+00 7.285426025613226386e+00 3.003208149519377201e+00
1.200000000000000000e+01 1.199560546875000000e+01 1.160731039132639708e+01 9.986611882908476900e+00 7.279088755814101752e+00 2.976349396999663277e+00
1.200000000000000000e+01 1.199804687500000000e+01 1.161361781392493775e+01 9.983004094615619550e+00 7.228589247876066715e+00 2.949921913529439887e+00
1.200000000000000000e+01 1.199658203125000000e+01 1.158494324440562551e+01 1.000125446541364838e+01 7.220746215992871697e+00 2.923043429100764090e+00
1.200000000000000000e+01 1.199755859375000000e+01 1.158118362892014730e+01 9.995906178943430476e+00 7.222450202416583309e+00 2.884812530191330104e+00
1.200000000000000000e+01 1.199658203125000000e+01 1.157120502720304245e+01 1.000114233376954509e+01 7.188199108534347737e+00 2.849861749577101921e+00
1.200000000000000000e+01 1.199511718750000000e+01 1.156244207325416617e+01 1.000816446232177981e+01 7.130274324004662212e+00 2.805136576489668965e+00
1.200000000000000000e+01 1.199365234375000000e+01 1.156758161790032347e+01 1.000913551225408327e+01 7.114962433674377529e+00 2.768756300412255289e+00
1.200000000000000000e+01 1.199414062500000000e+01 1.155629115378077998e+01 1.000850568783351591e+01 7.067849389146035222e+00 2.728471524639944690e+00
1.200000000000000000e+01 1.199414062500000000e+01 1.156193878169755251e+01 9.996623647687789216e+00 7.008227496893034925e+00 2.687827855150873191e+00
1.200000000000000000e+01 1.199267578125000000e+01 1.156142700443554361e+01 9.986422341579338280e+00 7.019650890134970567e+00 2.664254761385864700e+00
1.200000000000000000e+01 1.199267578125000000e+01 1.157497453579597213e+01 1.003351429035439679e+01 6.988489235610151340e+00 2.628668083512451847e+00
1.200000000000000000e+01 1.199560546875000000e+01 1.158049755347345311e+01 1.006835183403906164e+01 7.006340564393221726e+00 2.593471795063732710e+00
1.200000000000000000e+01 1.199755859375000000e+01 1.157862880506128711e+01 1.006223137942300383e+01 6.990173988737458544e+00 2.562658815590082906e+00
1.200000000000000000e+01 1.199755859375000000e+01 1.159771986633510465e+01 1.006700812698141689e+01 6.939330991064010412e+00 2.530527333388139954e+00
1.200000000000000000e+01 1.199609375000000000e+01 1.157835449314912069e+01 1.006655780552573631e+01 6.934223834298109068e+00 2.505013378121548673e+00
1.200000000000000000e+01 1.199609375000000000e+01 1.158535922412731978e+01 1.006976033378500368e+01 6.893728958525950468e+00 2.478227092636423823e+00
1.200000000000000000e+01 1.199511718750000000e+01 1.159815290640421992e+01 1.008954937162459942e+01 6.872055798077346012e+00 2.448939760444747371e+00
1.200000000000000000e+01 1.199609375000000000e+01 1.159268482300536895e+01 1.008544754008872779e+01 6.840590685148892014e+00 2.433589156543997323e+00
1.200000000000000000e+01 1.199658203125000000e+01 1.159494156753828165e+01 1.008633300155044665e+01 6.813632078946454840e+00 2.425085824922251554e+00
1.200000000000000000e+01 1.199707031250000000e+01 1.160008249231248989e+01 1.010719785585303221e+01 6.783572136266336372e+00 2.398218845530756482e+00
1.200000000000000000e+01 1.199560546875000000e+01 1.160647992811661311e+01 1.012129730456808829e+01 6.757480202842361727e+00 2.373704089367260295e+00
1.200000000000000000e+01 1.199316406250000000e+01 1.160769656850557219e+01 1.011256730919874514e+01 6.750421447898645511e+00 2.352942964800398773e+00
1.200000000000000000e+01 1.199316406250000000e+01 1.161260376222386270e+01 1.012401906989122935e+01 6.738876930987022007e+00 2.329934376333428148e+00
1.200000000000000000e+01 1.199511718750000000e+01 1.162160217456149169e+01 1.013812624806826612e+01 6.719265037022328357e+00 2.306144173460862312e+00
1.200000000000000000e+01 1.199218750000000000e+01 1.163277295484420115e+01 1.012191914080412758e+01 6.716342739548389673e+00 2.289049005511691881e+00
1.200000000000000000e+01 1.199169921875000000e+01 1.162908391355419013e+01 1.015258977753483194e+01 6.677398704479815095e+00 2.274230959508724226e+00
1.200000000000000000e+01 1.199023437500000000e+01 1.162022699681228488e+01 1.016560397730961895e+01 6.667930948188732998e+00 2.261022229645027082e+00
1.200000000000000000e+01 1.199200320129341790e+01 1.162832966115762368e+01 1.017386001307527366e+01 6.658415323411838393e+00 2.241754316495942145e+00
1.200000000000000000e+01 1.199151492004341790e+01 1.161948229031838409e+01 1.018888142275654118e+01 6.657202533252665866e+00 2.225395367427879467e+00
1.200000000000000000e+01 1.198907351379341790e+01 1.160884717359420115e+01 1.018761791551281704e+01 6.651589935862525671e+00 2.207737151662624520e+00
1.200000000000000000e+01 1.199218750000000000e+01 1.161161934085150271e+01 1.019509013418023891e+01 6.637886394113724720e+00 2.191694044435963828e+00
1.200000000000000000e+01 1.199169921875000000e+01 1.162619122033349583e+01 1.020305236484858646e+01 6.617376142613217382e+00 2.175985541361697972e+00
1.200000000000000000e+01 1.199072265625000000e+01 1.161754555297585867e+01 1.020463289691543807e+01 6.609082115369823818e+00 2.163943197712247635e+00
1.200000000000000000e+01 1.198907351379341790e+01 1.160854150402047935e+01 1.022645301544567431e+01 6.583333539453580130e+00 2.143160043189667352e+00
1.200000000000000000e+01 1.198925781250000000e+01 1.160757364529658275e+01 1.022088370030427029e+01 6.568970365317096771e+00 2.127790315302027668e+00
1.200000000000000000e+01 1.199121093750000000e+01 1.159770010461702050e+01 1.023078660015001162e+01 6.572130059415436598e+00 2.108309910744500026e+00
1.200000000000000000e+01 1.198876953125000000e+01 1.158875978810229768e+01 1.024310302710344800e+01 6.558028937461624963e+00 2.097058130224090711e+00
1.200000000000000000e+01 1.198925781250000000e+01 1.159309534110029816e+01 1.025711973050901449e+01 6.538380000921914181e+00 2.085210068543414508e+00
1.200000000000000000e+01 1.198828125000000000e+01 1.160437457228687563e+01 1.027229388463023341e+01 6.522007053928456699e+00 2.070061993782791099e+00
1.200000000000000000e+01 1.198632812500000000e+01 1.161283851039732440e+01 1.028731969863988915e+01 6.497825361728481575e+00 2.061419869594030452e+00
1.200000000000000000e+01 1.198419070129341790e+01 1.161050484483590139e+01 1.028718887154153094e+01 6.491738341221502395e+00 2.042009997173118929e+00
1.200000000000000000e+01 1.198681640625000000e+01 1.161521601199286735e+01 1.028295804713637196e+01 6.475577992346133627e+00 2.021641178924439508e+00
1.200000000000000000e+01 1.198828125000000000e+01 1.163637131301587146e+01 1.028052115283522738e+01 6.448356103843114084e+00 2.001811774601910621e+00
1.200000000000000000e+01 1.199023437500000000e+01 1.162623709060270549e+01 1.026761153990013753e+01 6.422598143444036012e+00 1.992905494870161442e+00
1.200000000000000000e+01 1.198760867004341790e+01 1.162198729432058641e+01 1.028313132362871585e+01 6.396438860450107455e+00 1.970400991640645527e+00
1.200000000000000000e+01 1.198925781250000000e+01 1.161843480641812576e+01 1.028150730298558457e+01 6.363956038168437246e+00 1.950080424193275430e+00
1.200000000000000000e+01 1.198535156250000000e+01 1.161395060916733080e+01 1.027844373654576948e+01 6.327406182143584523e+00 1.931564933049390698e+00
1.200000000000000000e+01 1.198681640625000000e+01 1.160984420802757811e+01 1.027420463001021034e+01 6.296284303550718775e+00 1.906602055206964907e+00
1.200000000000000000e+01 1.198614382629341790e+01 1.160266472424545725e+01 1.027596697249034818e+01 6.243486989267644560e+00 1.885916622281166299e+00
1.200000000000000000e+01 1.198419070129341790e+01 1.161826312077256063e+01 1.029629536357471764e+01 6.181108294824685601e+00 1.860096028654414813e+00
1.200000000000000000e+01 1.198925781250000000e+01 1.160673719826426087e+01 1.029392141316051479e+01 6.143809542997791695e+00 1.842855706943816729e+00
1.200000000000000000e+01 1.199072265625000000e+01 1.160928109609240622e+01 1.029299521826796493e+01 6.094256221686210395e+00 1.821091116987527014e+00
1.200000000000000000e+01 1.198828125000000000e+01 1.160800513024666003e+01 1.028721319144330337e+01 6.024913642526522395e+00 1.792393140566799214e+00
1.200000000000000000e+01 1.199023437500000000e+01 1.160570916917983375e+01 1.027436709137395709e+01 5.919301365128621484e+00 1.769100765030603650e+00
1.200000000000000000e+01 1.198535156250000000e+01 1.158840944036789899e+01 1.028091244730083176e+01 5.855435740333296835e+00 1.746731330421212647e+00
1.200000000000000000e+01 1.198058843383683403e+01 1.159009712944563830e+01 1.027909893811723308e+01 5.830765759842769569e+00 1.736584358697151664e+00
1.200000000000000000e+01 1.198370242004341790e+01 1.157624708727857765e+01 1.025512763777928349e+01 5.713927223177032388e+00 1.720297277820174164e+00
1.200000000000000000e+01 1.198467898254341790e+01 1.157430830267243138e+01 1.024814810683605160e+01 5.668936452778273072e+00 1.707509866216627259e+00
1.200000000000000000e+01 1.198437500000000000e+01 1.157296705204417719e+01 1.025144307769073926e+01 5.641318205276386166e+00 1.694968191456586837e+00
1.200000000000000000e+01 1.198095703125000000e+01 1.156389106457099558e+01 1.024017559834674529e+01 5.590395409496140111e+00 1.682985253983233065e+00
1.200000000000000000e+01 1.197845101013025015e+01 1.156161894949815050e+01 1.023059279675837274e+01 5.525143270248101146e+00 1.678909840864452940e+00
1.200000000000000000e+01 1.197612928771708596e+01 1.154822445356867178e+01 1.022956090542341556e+01 5.502349153366682621e+00 1.682099954871266290e+00
1.200000000000000000e+01 1.197649788513025015e+01 1.155110793405157210e+01 1.023723807340597958e+01 5.403415147278943564e+00 1.638393581358940088e+00
1.200000000000000000e+01 1.197594498901050208e+01 1.155296013385519416e+01 1.019796435371938159e+01 5.351449073636823428e+00 1.597369390660983379e+00
1.200000000000000000e+01 1.197552132263025015e+01 1.152746705757958168e+01 1.020176693929053791e+01 5.353777674529508701e+00 1.655995325094152593e+00
1.200000000000000000e+01 1.197796272888025015e+01 1.153367678031398036e+01 1.015999477932192718e+01 5.270299494557654896e+00 1.546967540400954411e+00
1.200000000000000000e+01 1.197717046508683403e+01 1.152242020301285486e+01 1.020532597975275380e+01 5.290860751240929361e+00 1.579255167317886732e+00
1.200000000000000000e+01 1.197259163513025015e+01 1.152872098511018173e+01 1.017989671509680605e+01 5.286792193245035243e+00 1.608868784842598876e+00
1.200000000000000000e+01 1.197143077392366806e+01 1.152145729695403098e+01 1.018981190276433679e+01 5.252827894469434433e+00 1.605738509316818385e+00
1.200000000000000000e+01 1.197307991638025015e+01 1.150445784346003641e+01 1.017028175013030022e+01 5.192957363042894237e+00 1.514706837480332968e+00
1.200000000000000000e+01 1.196617936401050386e+01 1.150805480746373988e+01 1.017721997119753397e+01 5.202146202870842728e+00 1.587990005067216437e+00
1.200000000000000000e+01 1.196453022155391821e+01 1.150249723305507921e+01 1.017594802312938995e+01 5.146665279047647701e+00 1.509291826565442696e+00
1.200000000000000000e+01 1.196831678771708596e+01 1.151543817945672288e+01 1.016338614517316330e+01 5.153114368318977512e+00 1.545318954692273872e+00
1.200000000000000000e+01 1.196569108276050208e+01 1.151033185171622719e+01 1.014022857528916610e+01 5.104949556220177875e+00 1.531945772043232346e+00
1.200000000000000000e+01 1.196739529418417192e+01 1.151904781086389384e+01 1.013281982746465815e+01 5.075945057491563439e+00 1.520150578611969783e+00
1.200000000000000000e+01 1.197155045776050386e+01 1.151743805715502589e+01 1.011224054310839726e+01 5.060639751344850445e+00 1.501768214206275154e+00
1.200000000000000000e+01 1.196941303405391999e+01 1.152315012772774949e+01 1.010908331974181706e+01 5.024297508723352124e+00 1.493279991693722497e+00
1.200000000000000000e+01 1.196880506896708596e+01 1.152542560640430302e+01 1.010907114359369707e+01 5.021741591001225302e+00 1.491276575212334254e+00
1.200000000000000000e+01 1.196371357654221512e+01 1.150737676588039093e+01 1.010194061788196151e+01 4.984195597734995431e+00 1.459722928691624455e+00
1.200000000000000000e+01 1.196154546508683403e+01 1.152053055431068707e+01 1.010629220950251650e+01 4.966092861786241208e+00 1.495862803857354484e+00
1.200000000000000000e+01 1.196196913146708596e+01 1.151534973263290951e+01 1.010001829318364130e+01 4.926437966473908858e+00 1.419683072379993583e+00
1.200000000000000000e+01 1.195671772155391999e+01 1.153142383765152879e+01 1.007697172911203687e+01 4.898281197959805766e+00 1.436548960187244983e+00
1.200000000000000000e+01 1.195690202026050386e+01 1.152356648449986309e+01 1.006704656454709834e+01 4.877690439746433348e+00 1.449049206996497308e+00
1.200000000000000000e+01 1.195351473925930108e+01 1.152079986525181532e+01 1.006449377314321580e+01 4.856755807592451291e+00 1.439833919567435894e+00
1.200000000000000000e+01 1.195256255797758982e+01 1.151686435593703273e+01 1.007828112366604323e+01 4.844775240661528315e+00 1.428165755358556055e+00
1.200000000000000000e+01 1.195339505542246528e+01 1.152810675379537209e+01 1.007465908145665878e+01 4.823215376478524163e+00 1.429766112669554889e+00
1.200000000000000000e+01 1.195406763537904737e+01 1.152494859838980368e+01 1.007542690654630668e+01 4.787714998528517008e+00 1.415783447405755124e+00
1.200000000000000000e+01 1.195476459655391821e+01 1.151976109313109475e+01 1.006868809356495831e+01 4.768006410148963425e+00 1.408869459800435431e+00
1.200000000000000000e+01 1.195574115905391821e+01 1.152368919519251911e+01 1.004383834277325427e+01 4.731700684407599944e+00 1.398158308790914406e+00
1.200000000000000000e+01 1.195885514526050208e+01 1.152549363563719353e+01 1.003465428135285364e+01 4.698266721438055349e+00 1.870296992404965053e+00
1.200000000000000000e+01 1.196294569396708596e+01 1.153477249142651040e+01 1.000136850749435879e+01 4.667197960616004337e+00 1.869264910671023072e+00
1.200000000000000000e+01 1.195818256530391821e+01 1.152104044851944309e+01 9.969192038055258109e+00 4.546515842272944141e+00 1.756031816918705468e+00
1.200000000000000000e+01 1.196673226013025015e+01 1.155658837517444937e+01 1.001596935243564701e+01 4.642195992793470616e+00 1.843015892047313642e+00
1.200000000000000000e+01 1.196422623901050208e+01 1.156034900777747509e+01 1.001729357991109026e+01 4.611088361027354310e+00 1.828097887163865565e+00
1.200000000000000000e+01 1.196501850280391821e+01 1.155461784539942727e+01 9.989901847405903368e+00 4.582479935678144933e+00 2.237179025401166754e+00
1.200000000000000000e+01 1.196404194030391821e+01 1.156075787914463504e+01 9.975646839513911956e+00 4.531806222132203743e+00 2.264811756988816871e+00
1.199951171875000000e+01 1.195897482909733611e+01 1.155581721292463371e+01 9.956762386180805890e+00 4.492806279440463513e+00 2.246547705735655320e+00
1.199951171875000000e+01 1.196080827026050208e+01 1.155745853681139046e+01 9.939153988221169911e+00 4.463846530502879162e+00 2.220445083472077030e+00
1.199951171875000000e+01 1.196373795776050208e+01 1.155213638048895497e+01 9.915606220407452653e+00 4.417393276082942855e+00 2.192087474443308981e+00
1.199951171875000000e+01 1.196666764526050208e+01 1.155735844247884003e+01 9.911730378342713976e+00 4.368177062299810842e+00 2.160653675862410417e+00
1.199951171875000000e+01 1.196471452026050208e+01 1.155959356327237941e+01 9.912498335824484030e+00 4.338601631602313269e+00 2.135140542375154382e+00
1.200000000000000000e+01 1.196306537780391821e+01 1.156584082874447006e+01 9.913734309995595240e+00 4.337501103888927290e+00 2.126334494321955759e+00
1.200000000000000000e+01 1.196245741271708596e+01 1.156755000687313029e+01 9.915355818048780634e+00 4.299825846850366950e+00 2.109311261635645973e+00
1.200000000000000000e+01 1.196178483276050208e+01 1.156972316618534080e+01 9.905558301731780091e+00 4.260068853688009582e+00 2.089023070042642871e+00
1.199951171875000000e+01 1.196898936767366806e+01 1.157924651730438370e+01 9.876974598926068438e+00 4.263271732410471415e+00 2.090991474358264490e+00
1.199951171875000000e+01 1.196782850646708596e+01 1.158265503779694328e+01 9.867929990455074574e+00 4.198383752412349068e+00 2.054340008166067655e+00
1.199951171875000000e+01 1.196282601013025015e+01 1.158179314912601754e+01 9.912380959997527441e+00 4.258613010337421123e+00 2.066357548346529960e+00
1.200000000000000000e+01 1.196782850646708596e+01 1.158382139767352115e+01 9.884010129888306295e+00 4.137439692963265969e+00 2.009454855195837553e+00
