1.200000000000000000e+01 1.199707031250000000e+01 1.184934136961834206e+01 9.960529720201407144e+00 6.113807197485694900e+00 1.033586245586856744e+00
1.200000000000000000e+01 1.199755859375000000e+01 1.184381666491055540e+01 9.920100015348113587e+00 6.139349870633010298e+00 1.030016498392430924e+00
1.200000000000000000e+01 1.199755859375000000e+01 1.184958073729201189e+01 9.912051337961999664e+00 6.126144270449886520e+00 1.012142807575344472e+00
1.200000000000000000e+01 1.199902343750000000e+01 1.183828565367226204e+01 9.897541067265027692e+00 6.102473033162032046e+00 9.859815691720772435e-01
1.200000000000000000e+01 1.199804687500000000e+01 1.184597846983542624e+01 9.880207080365737582e+00 6.091829884163503905e+00 9.603799621808197795e-01
1.200000000000000000e+01 1.199853515625000000e+01 1.184451362608542802e+01 9.863327141271964749e+00 6.094560737988836685e+00 9.396929137935550180e-01
1.200000000000000000e+01 1.199804687500000000e+01 1.183926221617226204e+01 9.849374062545555475e+00 6.092876858609598933e+00 9.191884162705108441e-01
1.200000000000000000e+01 1.199804687500000000e+01 1.183484330370397331e+01 9.850603128557995802e+00 6.091956710517874463e+00 9.009723509204439207e-01
1.200000000000000000e+01 1.199951171875000000e+01 1.183535596617226204e+01 9.837056769766054032e+00 6.091616919216239268e+00 8.818060865095909140e-01
1.200000000000000000e+01 1.199853515625000000e+01 1.183944651487884414e+01 9.830359676731166729e+00 6.095755022969819414e+00 8.661431945384968634e-01
1.200000000000000000e+01 1.199804687500000000e+01 1.183614822996567995e+01 9.820305504324316814e+00 6.091442879230711149e+00 8.514372714153480848e-01
1.200000000000000000e+01 1.199804687500000000e+01 1.184469792479201011e+01 9.832793713277748537e+00 6.099815859925123540e+00 8.357387070418568209e-01
1.200000000000000000e+01 1.200000000000000000e+01 1.184824512328150803e+01 9.839728488876655632e+00 6.113182539485316092e+00 8.401764035807121056e-01
1.200000000000000000e+01 1.199951171875000000e+01 1.185312793578150803e+01 9.835417423657419889e+00 6.127277001990055538e+00 8.474967186872716107e-01
1.200000000000000000e+01 1.200000000000000000e+01 1.186259912414075401e+01 9.843631950840158851e+00 6.138309492184929717e+00 8.657068224874358009e-01
1.200000000000000000e+01 1.199951171875000000e+01 1.186246989440125787e+01 9.837420446823660569e+00 6.160657128845741681e+00 8.812963011252139545e-01
1.200000000000000000e+01 1.200000000000000000e+01 1.185550472716175818e+01 9.849309999441022256e+00 6.187360089907530281e+00 9.202329456200528668e-01
1.200000000000000000e+01 1.200000000000000000e+01 1.186668012694467400e+01 9.842616083112680769e+00 6.223570850624004613e+00 9.643106965316445844e-01
1.200000000000000000e+01 1.199902343750000000e+01 1.186606261595517608e+01 9.865317706853767632e+00 6.252173914595523740e+00 9.961182208523542414e-01
1.200000000000000000e+01 1.199951171875000000e+01 1.186814497069467400e+01 9.871541385655898893e+00 6.305871292238797388e+00 1.039520425547817872e+00
1.200000000000000000e+01 1.199853515625000000e+01 1.187053130797758804e+01 9.905928272158655901e+00 6.342175517740285429e+00 1.090347156678071805e+00
1.200000000000000000e+01 1.199951171875000000e+01 1.186588786315125787e+01 9.933963216993390688e+00 6.389305749107077048e+00 1.142020263243794576e+00
1.200000000000000000e+01 1.199951171875000000e+01 1.185275933836834206e+01 9.964413672965132918e+00 6.450343430076479478e+00 1.194230164043484699e+00
1.200000000000000000e+01 1.199853515625000000e+01 1.185460232543417192e+01 1.000390553240592695e+01 6.515312531414211961e+00 1.234458544313247863e+00
1.200000000000000000e+01 1.199853515625000000e+01 1.186607216185783997e+01 1.002305729845874538e+01 6.577940301239290299e+00 1.294232772184670477e+00
1.200000000000000000e+01 1.199902343750000000e+01 1.186268488085663719e+01 1.007441949337234810e+01 6.629749149136221043e+00 1.347237810910366429e+00
1.200000000000000000e+01 1.199951171875000000e+01 1.185703418578150803e+01 1.011751139495481411e+01 6.674814090184326254e+00 1.399366223912291929e+00
1.200000000000000000e+01 1.199951171875000000e+01 1.186277387694467578e+01 1.014810308097322711e+01 6.725440980013674519e+00 1.450986137675304821e+00
1.200000000000000000e+01 1.200000000000000000e+01 1.187315701293417192e+01 1.017755548228336693e+01 6.796790481745243362e+00 1.510647568446913391e+00
1.200000000000000000e+01 1.199902343750000000e+01 1.186949013060783997e+01 1.020177768445561739e+01 6.865144726183164181e+00 1.578178532683049307e+00
1.200000000000000000e+01 1.199804687500000000e+01 1.187101958922758627e+01 1.021892069911957002e+01 6.929460491734029226e+00 1.636750179084589529e+00
1.200000000000000000e+01 1.199902343750000000e+01 1.187169216918417192e+01 1.022925411747216984e+01 6.987698842781079556e+00 1.723138850698587854e+00
1.200000000000000000e+01 1.199755859375000000e+01 1.185825966185783997e+01 1.023306729727451447e+01 7.062029067040704433e+00 1.810222520632314147e+00
1.200000000000000000e+01 1.199755859375000000e+01 1.186375998534733611e+01 1.026102107366488880e+01 7.115612109842132327e+00 1.891157842961792568e+00
1.200000000000000000e+01 1.199853515625000000e+01 1.186992334289075401e+01 1.027871596826910228e+01 7.178913544527418367e+00 1.984704271857247626e+00
1.200000000000000000e+01 1.199853515625000000e+01 1.186155794677100594e+01 1.031138049194536421e+01 7.239509476725212167e+00 2.068117702850648776e+00
1.200000000000000000e+01 1.200000000000000000e+01 1.186009310302100417e+01 1.032493828633072752e+01 7.296702426437072120e+00 2.148874350728676053e+00
1.200000000000000000e+01 1.200000000000000000e+01 1.186106011961834383e+01 1.034720540270690847e+01 7.354067208954858437e+00 2.235430057552440175e+00
1.200000000000000000e+01 1.199951171875000000e+01 1.185612223815125610e+01 1.034331422035621273e+01 7.419290683916987206e+00 2.330164579806330849e+00
1.200000000000000000e+01 1.199951171875000000e+01 1.186295817565125787e+01 1.037064358585375246e+01 7.461024712236675960e+00 2.422956892566674458e+00
1.200000000000000000e+01 1.199951171875000000e+01 1.185703418578150803e+01 1.038990158190843793e+01 7.515043623521439287e+00 2.513856884093636168e+00
1.200000000000000000e+01 1.199951171875000000e+01 1.186088536681442207e+01 1.038554038488867448e+01 7.565444888043732163e+00 2.597227711277504181e+00
1.200000000000000000e+01 1.199951171875000000e+01 1.186992334289075401e+01 1.042294490856194500e+01 7.626369168583209124e+00 2.685594426893677777e+00
1.200000000000000000e+01 1.199853515625000000e+01 1.186509559935783997e+01 1.043872070749281100e+01 7.664979536570259100e+00 2.774109493515677816e+00
1.200000000000000000e+01 1.199902343750000000e+01 1.187406896056442207e+01 1.045665955341067743e+01 7.721239664552697946e+00 2.938455843618450469e+00
1.200000000000000000e+01 1.199951171875000000e+01 1.187284348448809013e+01 1.047393661333727799e+01 7.774711787785261841e+00 3.007701474184823365e+00
1.200000000000000000e+01 1.199951171875000000e+01 1.187309239806442207e+01 1.049563715644429607e+01 7.825362272367029526e+00 3.087780742150118218e+00
1.200000000000000000e+01 1.199951171875000000e+01 1.186844895323809190e+01 1.049954289802937701e+01 7.850356116247152016e+00 3.157343117256391274e+00
1.200000000000000000e+01 1.199951171875000000e+01 1.186860887072638704e+01 1.048878576704697352e+01 7.863107940445754451e+00 3.234006227196699168e+00
1.200000000000000000e+01 1.200000000000000000e+01 1.187162755431442207e+01 1.050826916127724076e+01 7.889552630156821067e+00 3.300905513991980733e+00
1.200000000000000000e+01 1.199951171875000000e+01 1.188140272521708596e+01 1.052101142004943313e+01 7.903097877313356001e+00 3.369253003905825050e+00
1.200000000000000000e+01 1.199951171875000000e+01 1.186808990172758982e+01 1.052928836656818135e+01 7.935024003688038619e+00 3.428423797830893793e+00
1.200000000000000000e+01 1.199902343750000000e+01 1.186332677306442207e+01 1.054150366742422307e+01 7.978596780477905881e+00 3.548603922568446922e+00
1.200000000000000000e+01 1.199902343750000000e+01 1.185930083922758804e+01 1.053285083118339571e+01 8.004734021909975183e+00 3.604774239068824215e+00
1.200000000000000000e+01 1.200000000000000000e+01 1.185905192565125610e+01 1.055000328902826112e+01 8.010819090075191440e+00 3.655818034033928132e+00
1.200000000000000000e+01 1.199853515625000000e+01 1.184579417112884414e+01 1.054190691899073862e+01 8.019504032010168260e+00 3.706081624332005831e+00
1.200000000000000000e+01 1.200000000000000000e+01 1.186851356810783997e+01 1.056131112643396719e+01 8.066183326707101031e+00 3.806538447470666497e+00
1.200000000000000000e+01 1.199853515625000000e+01 1.187590240172758982e+01 1.056248791721393232e+01 8.069899680251207741e+00 3.849638824353007749e+00
1.200000000000000000e+01 1.199951171875000000e+01 1.188164209289075401e+01 1.057232964106971806e+01 8.070724302116282445e+00 3.928888280243091113e+00
1.200000000000000000e+01 1.200000000000000000e+01 1.188585232543417192e+01 1.057131986498801623e+01 8.082046726740367504e+00 3.972931533626752110e+00
1.200000000000000000e+01 1.200000000000000000e+01 1.189187161792246528e+01 1.057552412661925700e+01 8.082129182901304887e+00 4.010198748762943133e+00
1.200000000000000000e+01 1.200000000000000000e+01 1.188787006530391821e+01 1.057000362160525597e+01 8.107848317052376075e+00 4.081849769518542281e+00
1.200000000000000000e+01 1.199902343750000000e+01 1.188413856810783997e+01 1.056942777873771888e+01 8.108893729677145501e+00 4.146397903177525102e+00
1.200000000000000000e+01 1.199902343750000000e+01 1.189159201659733611e+01 1.055831210494744354e+01 8.100694359056985761e+00 4.179046781584726311e+00
1.200000000000000000e+01 1.200000000000000000e+01 1.189073513793417014e+01 1.055256264233674912e+01 8.108983662808878279e+00 4.240211197799456322e+00
1.200000000000000000e+01 1.199951171875000000e+01 1.189384912414075401e+01 1.055722437436719474e+01 8.107903306977309654e+00 4.268463891299374424e+00
1.200000000000000000e+01 1.199951171875000000e+01 1.189336084289075401e+01 1.052324289015434644e+01 8.080481178965406741e+00 4.316540000177684355e+00
1.200000000000000000e+01 1.199853515625000000e+01 1.190612077026050208e+01 1.052023243645260564e+01 8.058135729354356513e+00 4.367312951400855958e+00
1.200000000000000000e+01 1.199755859375000000e+01 1.190526389159733611e+01 1.050869912596151678e+01 8.070076933053790924e+00 4.408566044364000902e+00
1.200000000000000000e+01 1.199755859375000000e+01 1.191173123168417014e+01 1.051376420235022557e+01 8.047021762427927882e+00 4.427274062415281541e+00
1.200000000000000000e+01 1.199658203125000000e+01 1.190538357543417014e+01 1.050589732811643628e+01 8.045551727407708853e+00 4.465533166299005430e+00
1.200000000000000000e+01 1.199609375000000000e+01 1.189580224914075401e+01 1.048179708917276187e+01 8.035162126758226719e+00 4.499697579108580037e+00
1.200000000000000000e+01 1.199023437500000000e+01 1.189268826293417014e+01 1.044441006565549657e+01 7.968255189236691294e+00 4.524151304524318462e+00
1.200000000000000000e+01 1.199072265625000000e+01 1.188029693297758627e+01 1.043159069437482778e+01 7.986479743493976713e+00 4.541627034306924493e+00
1.200000000000000000e+01 1.198974609375000000e+01 1.187871240539075401e+01 1.040131637449807833e+01 7.963908031091204265e+00 4.555869896644808570e+00
1.200000000000000000e+01 1.198974609375000000e+01 1.188359521789075401e+01 1.043058943758440549e+01 7.939598583854425407e+00 4.570333153877378152e+00
1.200000000000000000e+01 1.199072265625000000e+01 1.189659451293417192e+01 1.041461005115948169e+01 7.905504160234764655e+00 4.594567281320378171e+00
1.200000000000000000e+01 1.199365234375000000e+01 1.191521381530391821e+01 1.038197310560959963e+01 7.851092179203593702e+00 4.599433216722815132e+00
1.200000000000000000e+01 1.199511718750000000e+01 1.192906998901050386e+01 1.039236377647538490e+01 7.839855705876439984e+00 4.608225545452478755e+00
1.200000000000000000e+01 1.199804687500000000e+01 1.193511366271708596e+01 1.035664620060562591e+01 7.826215634366885610e+00 4.593828976521949770e+00
1.200000000000000000e+01 1.199755859375000000e+01 1.193743538513025015e+01 1.038368648871488276e+01 7.782538278445857216e+00 4.572618674453545751e+00
1.200000000000000000e+01 1.199804687500000000e+01 1.194671272888025015e+01 1.035904235297666887e+01 7.770230473616038580e+00 4.556235403947427542e+00
1.200000000000000000e+01 1.199853515625000000e+01 1.194494390258683403e+01 1.033089290018978090e+01 7.708943274550986047e+00 4.522344274722250645e+00
1.200000000000000000e+01 1.199853515625000000e+01 1.193725108642366806e+01 1.030244462609445932e+01 7.674138320308728112e+00 4.502825766263583773e+00
1.200000000000000000e+01 1.199804687500000000e+01 1.192846202392366806e+01 1.028576962819429497e+01 7.582351071424826117e+00 4.468074816257890269e+00
1.200000000000000000e+01 1.199902343750000000e+01 1.192388319396708596e+01 1.024826811602337528e+01 7.530262242696025510e+00 4.438575916685098655e+00
1.200000000000000000e+01 1.199902343750000000e+01 1.191716694030391821e+01 1.021712551779558353e+01 7.477596489258265144e+00 4.416551803611074689e+00
1.200000000000000000e+01 1.199853515625000000e+01 1.192040061034733611e+01 1.017851717463949512e+01 7.397727064854555223e+00 4.372610096376234878e+00
1.200000000000000000e+01 1.199902343750000000e+01 1.191691802672758804e+01 1.013907648052711963e+01 7.349183118977205886e+00 4.361132972848670519e+00
1.200000000000000000e+01 1.199951171875000000e+01 1.191807888793417192e+01 1.009982309488088781e+01 7.286011289641505684e+00 4.332300864817702823e+00
1.200000000000000000e+01 1.199951171875000000e+01 1.190641520690125787e+01 1.006879477507270160e+01 7.307953864625408968e+00 4.276014043495965922e+00
1.200000000000000000e+01 1.200000000000000000e+01 1.191105865172758627e+01 1.003614316375475290e+01 7.269988632182283084e+00 4.222766196793912741e+00
1.200000000000000000e+01 1.199951171875000000e+01 1.191331575927100417e+01 1.000511172645116886e+01 7.230661097013936001e+00 4.210228742745625752e+00
1.200000000000000000e+01 1.199902343750000000e+01 1.190971349181442207e+01 9.985019881589735746e+00 7.167300083980462588e+00 4.197087695917770311e+00
1.200000000000000000e+01 1.199902343750000000e+01 1.190575217284733611e+01 9.973514074285619202e+00 7.088906186118797415e+00 4.184328535648939251e+00
1.200000000000000000e+01 1.200000000000000000e+01 1.190575217284733611e+01 9.934845055610956877e+00 7.052111577609947446e+00 4.151003116807117976e+00
1.200000000000000000e+01 1.200000000000000000e+01 1.189757107543417192e+01 9.896710291144929172e+00 7.024172625369530465e+00 4.134668806186529544e+00
1.200000000000000000e+01 1.199951171875000000e+01 1.189055083922758804e+01 9.895079162888603008e+00 6.994595230279708531e+00 4.115637341126372029e+00
1.200000000000000000e+01 1.199951171875000000e+01 1.189488075560783997e+01 9.897639137366969209e+00 6.987106861862482532e+00 4.088630007956338908e+00
1.200000000000000000e+01 1.199951171875000000e+01 1.189360021056442207e+01 9.883333936610474879e+00 6.964957689674753816e+00 4.059616734594645671e+00
1.200000000000000000e+01 1.200000000000000000e+01 1.188681934203150803e+01 9.849670150227179732e+00 6.931460542410578185e+00 4.036650842402561778e+00
1.200000000000000000e+01 1.200000000000000000e+01 1.188908599547758982e+01 9.817112266492658890e+00 6.910240373964857241e+00 4.012298305413129818e+00
1.200000000000000000e+01 1.200000000000000000e+01 1.188536404418417192e+01 9.801794286359250208e+00 6.895136918640718093e+00 3.992547087775052184e+00
1.200000000000000000e+01 1.200000000000000000e+01 1.187193153685783997e+01 9.795761440901511463e+00 6.872269771998594123e+00 3.965216131019168255e+00
1.200000000000000000e+01 1.199951171875000000e+01 1.187370036315125610e+01 9.787290370072643242e+00 6.859962030323560001e+00 3.943740004579091796e+00
1.200000000000000000e+01 1.200000000000000000e+01 1.186777637328150803e+01 9.767347683071246678e+00 6.836309868821616398e+00 3.918882861362551484e+00
1.200000000000000000e+01 1.199853515625000000e+01 1.186515066832492593e+01 9.753630889171509111e+00 6.815477280679353100e+00 3.896918640794530653e+00
1.200000000000000000e+01 1.199902343750000000e+01 1.186378112719347122e+01 9.738465989370300946e+00 6.805294802126121922e+00 3.870425873063112032e+00
1.200000000000000000e+01 1.199951171875000000e+01 1.186792674486714105e+01 9.734432787819470079e+00 6.788178781706586840e+00 3.851127969020564645e+00
1.200000000000000000e+01 1.200000000000000000e+01 1.185901799853030525e+01 9.708483113418139965e+00 6.778448194138943173e+00 3.827760525967943028e+00
1.200000000000000000e+01 1.199951171875000000e+01 1.185575364073809013e+01 9.707247886516753965e+00 6.795930388310734038e+00 3.796673129459599672e+00
1.200000000000000000e+01 1.200000000000000000e+01 1.185755315478030525e+01 9.688481500994679863e+00 6.788851109633394998e+00 3.770081135661732752e+00
1.200000000000000000e+01 1.199951171875000000e+01 1.186250058215005510e+01 9.689484366865817933e+00 6.778344931608764057e+00 3.751863565820521718e+00
1.200000000000000000e+01 1.199951171875000000e+01 1.185399112097518248e+01 9.691881743966138885e+00 6.781558692846945569e+00 3.729123063497171042e+00
1.200000000000000000e+01 1.200000000000000000e+01 1.184448924486714105e+01 9.685655443593789826e+00 6.767301547519993576e+00 3.705107289702473494e+00
1.200000000000000000e+01 1.200000000000000000e+01 1.184110196386593827e+01 9.685721144135012395e+00 6.759382492757055161e+00 3.684228148848748940e+00
1.200000000000000000e+01 1.199951171875000000e+01 1.183612384874739121e+01 9.671735243099389479e+00 6.711608152698177676e+00 3.658069871105640747e+00
1.200000000000000000e+01 1.199902343750000000e+01 1.184072705992226204e+01 9.665976797462366932e+00 6.700244826022877298e+00 3.624961704071042679e+00
1.200000000000000000e+01 1.199902343750000000e+01 1.183828565367226204e+01 9.641973744224280551e+00 6.671693485143157965e+00 3.598439283114627685e+00
1.200000000000000000e+01 1.199951171875000000e+01 1.183144017026959816e+01 9.641988932939947077e+00 6.671088389789359141e+00 3.570029595525999966e+00
1.200000000000000000e+01 1.199951171875000000e+01 1.181892915647618203e+01 9.629308702427934463e+00 6.676970835409093752e+00 3.543967485174546628e+00
1.200000000000000000e+01 1.199902343750000000e+01 1.181575055539985186e+01 9.618045714534778412e+00 6.663636282156611301e+00 3.511060159790234003e+00
1.200000000000000000e+01 1.199853515625000000e+01 1.181658305284472732e+01 9.613678508249112298e+00 6.628763546833933873e+00 3.489177072001055535e+00
1.200000000000000000e+01 1.199902343750000000e+01 1.181990571897618203e+01 9.627498845182502762e+00 6.620741202352550481e+00 3.463392800982171060e+00
1.200000000000000000e+01 1.199902343750000000e+01 1.181355806272618203e+01 9.610878065683881033e+00 6.594542604637091188e+00 3.435333239552531559e+00
1.200000000000000000e+01 1.199804687500000000e+01 1.180913915025789507e+01 9.623492036970837660e+00 6.587366056324698960e+00 3.408415967588020568e+00
1.200000000000000000e+01 1.199902343750000000e+01 1.180488868406301606e+01 9.606335946117734892e+00 6.545298340091319389e+00 3.379903243911185129e+00
1.200000000000000000e+01 1.199853515625000000e+01 1.179433710180010664e+01 9.593890682224662569e+00 6.552285470013835322e+00 3.346688638419768491e+00
1.200000000000000000e+01 1.199755859375000000e+01 1.179689819188694244e+01 9.576531567680213186e+00 6.548952007429809541e+00 3.315566382176441618e+00
1.200000000000000000e+01 1.199853515625000000e+01 1.180159039914985009e+01 9.558051560809296632e+00 6.532425628684839225e+00 3.289974289918372374e+00
1.200000000000000000e+01 1.199804687500000000e+01 1.180122810826719437e+01 9.544514999848413339e+00 6.531968463743252684e+00 3.263655765885133064e+00
1.200000000000000000e+01 1.199755859375000000e+01 1.180166132055010664e+01 9.566850430509262537e+00 6.531713983244626931e+00 3.238655706057155470e+00
1.200000000000000000e+01 1.199658203125000000e+01 1.180865086900789329e+01 9.564089718963014519e+00 6.518498026955112934e+00 3.203187938027447945e+00
1.200000000000000000e+01 1.199707031250000000e+01 1.179481907651959816e+01 9.543094191354954958e+00 6.497624584341386011e+00 3.172459085056634098e+00
1.200000000000000000e+01 1.199707031250000000e+01 1.180108728258422346e+01 9.537242525732395393e+00 6.489473715932607689e+00 3.142389730170355389e+00
1.200000000000000000e+01 1.199804687500000000e+01 1.180513759763934800e+01 9.528530411490461205e+00 6.459166682158427264e+00 3.108218329996426998e+00
1.200000000000000000e+01 1.199804687500000000e+01 1.180211891405130942e+01 9.529715548731275021e+00 6.427453688204307625e+00 3.076173586203156063e+00
1.200000000000000000e+01 1.199707031250000000e+01 1.180340900499739121e+01 9.518162214605487392e+00 6.420708167063564176e+00 3.050566355342897218e+00
1.200000000000000000e+01 1.199609375000000000e+01 1.181036462633422524e+01 9.507602605059757295e+00 6.396657552481546105e+00 3.008627177394548546e+00
1.200000000000000000e+01 1.199902343750000000e+01 1.181386835180010664e+01 9.495836386253991179e+00 6.340337185344384174e+00 2.974651613393352267e+00
1.200000000000000000e+01 1.199902343750000000e+01 1.180970688169326621e+01 9.495637637471713077e+00 6.319156016799388098e+00 2.957838702220862093e+00
1.200000000000000000e+01 1.199755859375000000e+01 1.181276255956061050e+01 9.493472425427317063e+00 6.280763834820622726e+00 2.928929152971943228e+00
1.200000000000000000e+01 1.199755859375000000e+01 1.181304149097297973e+01 9.491251996304194805e+00 6.255577796322080886e+00 2.911694794137082098e+00
1.200000000000000000e+01 1.199804687500000000e+01 1.181187108386373552e+01 9.498163769930007660e+00 6.217805020612403588e+00 2.889874149897873945e+00
1.200000000000000000e+01 1.199560546875000000e+01 1.180706243213614748e+01 9.502376159811657175e+00 6.204110751550871328e+00 2.865065277336073635e+00
1.200000000000000000e+01 1.199560546875000000e+01 1.181001650085443444e+01 9.500869841252523429e+00 6.165161487665141493e+00 2.842567839823550102e+00
1.200000000000000000e+01 1.199707031250000000e+01 1.181114343494006569e+01 9.471814147343785351e+00 6.138368998021304535e+00 2.817265025846195314e+00
1.200000000000000000e+01 1.199755859375000000e+01 1.181553232957231714e+01 9.486765320803140611e+00 6.113301637026433255e+00 2.794490616988010157e+00
1.200000000000000000e+01 1.199902343750000000e+01 1.180861063535643396e+01 9.485578604253952051e+00 6.080282364911434811e+00 2.774449987375654292e+00
1.200000000000000000e+01 1.199853515625000000e+01 1.181325017089785234e+01 9.461801458514782937e+00 6.049808798187676473e+00 2.755952452259593510e+00
1.200000000000000000e+01 1.199707031250000000e+01 1.181625401917026430e+01 9.461050244430275313e+00 6.013561909783557979e+00 2.729394171330015162e+00
1.200000000000000000e+01 1.199804687500000000e+01 1.181330062036473372e+01 9.434103232702316433e+00 5.974351622885221147e+00 2.703560459763184376e+00
1.200000000000000000e+01 1.199658203125000000e+01 1.182197852781301606e+01 9.433722391677326513e+00 5.948203991249047640e+00 2.678881175333868825e+00
1.200000000000000000e+01 1.199658203125000000e+01 1.181716663671327439e+01 9.409409823872021406e+00 5.902550020507227657e+00 2.654244471805742300e+00
1.200000000000000000e+01 1.199609375000000000e+01 1.181262804040815162e+01 9.430511000753657669e+00 5.856173439821188431e+00 2.625393745478416196e+00
1.200000000000000000e+01 1.199609375000000000e+01 1.181377935571207161e+01 9.403466800255460001e+00 5.824421224836187960e+00 2.594992205108127781e+00
1.200000000000000000e+01 1.199609375000000000e+01 1.180966442578719899e+01 9.415968586476843427e+00 5.769477686998859767e+00 2.558589579245229118e+00
1.200000000000000000e+01 1.199414062500000000e+01 1.179428732224598519e+01 9.389350697821910785e+00 5.726282649452093310e+00 2.530182616096254833e+00
1.200000000000000000e+01 1.199218750000000000e+01 1.179655397569206343e+01 9.359015586630228256e+00 5.685238333443995984e+00 2.513427445858182452e+00
1.200000000000000000e+01 1.198876953125000000e+01 1.179668320543156312e+01 9.410362064651170755e+00 5.637427093774024733e+00 2.450583763081598754e+00
1.200000000000000000e+01 1.198681640625000000e+01 1.178775536728940310e+01 9.388633670817899457e+00 5.586264709775649706e+00 2.411573793287144163e+00
1.200000000000000000e+01 1.198437500000000000e+01 1.178944474339744630e+01 9.399410992128160558e+00 5.493906216133647824e+00 2.363767843183869566e+00
1.200000000000000000e+01 1.198370242004341790e+01 1.179574994374137731e+01 9.409574984197533354e+00 5.421768541718988033e+00 2.309196365542288909e+00
1.200000000000000000e+01 1.198486328125000000e+01 1.177747317053620080e+01 9.409640573960690091e+00 5.320002518555925874e+00 2.240430216770185279e+00
1.200000000000000000e+01 1.198126101379341790e+01 1.178015563149017453e+01 9.341913388095239412e+00 5.192411703009627288e+00 2.178271984515621984e+00
1.200000000000000000e+01 1.198974609375000000e+01 1.178433415916724769e+01 9.294340285322174822e+00 5.075501083305660188e+00 2.126673499265242739e+00
1.200000000000000000e+01 1.198974609375000000e+01 1.179348329029529552e+01 9.272879765804422192e+00 4.997361308429649540e+00 2.091430026407128384e+00
1.200000000000000000e+01 1.199053835754341790e+01 1.178631898903359065e+01 9.290002696277163352e+00 4.890741849935285046e+00 2.041622473196240684e+00
1.200000000000000000e+01 1.199072265625000000e+01 1.179923474961573326e+01 9.250748448786810130e+00 4.777708500053311269e+00 2.002136863456240867e+00
1.200000000000000000e+01 1.198828125000000000e+01 1.178578416760162106e+01 9.222437638201737897e+00 4.706105569855787429e+00 1.968773707607213153e+00
1.200000000000000000e+01 1.198779296875000000e+01 1.178498559727769646e+01 9.209263358971526259e+00 4.634141377834565034e+00 1.937350946938626972e+00
1.200000000000000000e+01 1.198809695129341790e+01 1.179929545520056777e+01 9.188562964002240818e+00 4.554120094939596797e+00 1.896160748577661925e+00
1.200000000000000000e+01 1.198614382629341790e+01 1.179436711963614570e+01 9.166294946198805249e+00 4.525402225195107597e+00 1.902600243860489426e+00
1.200000000000000000e+01 1.198730468750000000e+01 1.179942535485282562e+01 9.155827566493092817e+00 4.475337132573223187e+00 1.878521118048980032e+00
1.200000000000000000e+01 1.198876953125000000e+01 1.178640731520886931e+01 9.146758248041187755e+00 4.429866110403880342e+00 1.860503947799523328e+00
1.200000000000000000e+01 1.198516726379341790e+01 1.178230722059962332e+01 9.107480718451878232e+00 4.383762728440812495e+00 1.834647722799662706e+00
1.200000000000000000e+01 1.198644780883683403e+01 1.178818467028740358e+01 9.100543906172722686e+00 4.325519773381524935e+00 1.818060222374271229e+00
1.200000000000000000e+01 1.198614382629341790e+01 1.179006856091745092e+01 9.068702264538343272e+00 4.310514333162691614e+00 1.802654436776677915e+00
1.200000000000000000e+01 1.198663210754341790e+01 1.179331706627649368e+01 9.063111982807900091e+00 4.291227069905866109e+00 1.791493150574872795e+00
1.200000000000000000e+01 1.198498296508683403e+01 1.179600738610282562e+01 9.032981223223782052e+00 4.275342049260640209e+00 1.781643256939956954e+00
1.200000000000000000e+01 1.198607921142366806e+01 1.180625498582231714e+01 9.024821453657104087e+00 4.229296843241524329e+00 1.764461588235576084e+00
1.200000000000000000e+01 1.198431038513025193e+01 1.178997325829890563e+01 9.027678038677439787e+00 4.212269265305515376e+00 1.745356246052939930e+00
1.200000000000000000e+01 1.197912359008683403e+01 1.179128449109111898e+01 9.026116858371326046e+00 4.221010718322141919e+00 1.753764067334792065e+00
1.200000000000000000e+01 1.198010015258683403e+01 1.178908245251478704e+01 9.015033454591101503e+00 4.159983200626858668e+00 1.741155035076461299e+00
1.200000000000000000e+01 1.197845101013025015e+01 1.178951806204329600e+01 9.011798679695626646e+00 4.131720868217352738e+00 1.729770617889290873e+00
1.200000000000000000e+01 1.198144531250000000e+01 1.178825950097257369e+01 8.996999502223012257e+00 4.103141966657413597e+00 1.715213064933521325e+00
1.200000000000000000e+01 1.198321413879341790e+01 1.178876927127349461e+01 8.993713591861226320e+00 4.092831884632147421e+00 1.735562341779107287e+00
1.200000000000000000e+01 1.198419070129341790e+01 1.177809135143845687e+01 8.986595452343614454e+00 4.098707183849352731e+00 1.708708012136597620e+00
1.200000000000000000e+01 1.198370242004341790e+01 1.178256466296107163e+01 8.965340495715992120e+00 4.059638153532706184e+00 1.692510408486128215e+00
1.200000000000000000e+01 1.197656250000000000e+01 1.177890972378299850e+01 8.967898903878143813e+00 4.023739762308908396e+00 1.682561384585945952e+00
1.200000000000000000e+01 1.197588992004341790e+01 1.176873695474867887e+01 8.976215684151842567e+00 3.998057163998348873e+00 1.599051799226005155e+00
1.200000000000000000e+01 1.197833132629341790e+01 1.178083779765195160e+01 8.954922051022631280e+00 4.022373574990952605e+00 1.677434630520294068e+00
1.200000000000000000e+01 1.197735476379341790e+01 1.178001093682482470e+01 8.972022699177063743e+00 3.984438293241145956e+00 1.672706036750517544e+00
1.200000000000000000e+01 1.197796272888025015e+01 1.178062672048148585e+01 8.960115645759529457e+00 3.944877670428248440e+00 1.663336683731559962e+00
1.200000000000000000e+01 1.197893929138025015e+01 1.177758432558791846e+01 8.953491781735227306e+00 3.991421323133240051e+00 1.669465996652037543e+00
1.200000000000000000e+01 1.197961187133683403e+01 1.177402620106770748e+01 8.952152780877081995e+00 3.933405095380432925e+00 1.661689870725663987e+00
1.200000000000000000e+01 1.197875499267366806e+01 1.176418814262813228e+01 8.948843987827597601e+00 3.916488635093905213e+00 1.644024479020371743e+00
1.200000000000000000e+01 1.197893929138025015e+01 1.177286605007641640e+01 8.955649409841837993e+00 3.917579231356548064e+00 1.643294777633153014e+00
1.200000000000000000e+01 1.198217296142366806e+01 1.177533352457500904e+01 8.936622220811905493e+00 3.921535099050872830e+00 1.628200269469569861e+00
1.200000000000000000e+01 1.197814702758683403e+01 1.176484554006430372e+01 8.928569619618942355e+00 3.904324610675917295e+00 1.613082887372228047e+00
1.199951171875000000e+01 1.198156499633683403e+01 1.177490746094916219e+01 8.892926143471360234e+00 3.874100844584090986e+00 1.661709365304044894e+00
1.200000000000000000e+01 1.198046875000000000e+01 1.175913875890454285e+01 8.928406250038566583e+00 3.867977296401912568e+00 1.602347069081392572e+00
1.200000000000000000e+01 1.197912359008683403e+01 1.176107482633430834e+01 8.929751483511392252e+00 3.816954196982383696e+00 1.582567104458835638e+00
1.200000000000000000e+01 1.197533702392366806e+01 1.175809397915213594e+01 8.950405132738922021e+00 3.831681856438470923e+00 1.587618647881149814e+00
1.200000000000000000e+01 1.198089241638025015e+01 1.175683781532700678e+01 8.919320735357270991e+00 3.803170926521603157e+00 1.572421165619382055e+00
1.200000000000000000e+01 1.198254155883683403e+01 1.175502875538213132e+01 8.941241160273136757e+00 3.807784105664373975e+00 1.567042666999606926e+00
1.200000000000000000e+01 1.197796272888025015e+01 1.176453458107761918e+01 8.894571536987879057e+00 3.744924646407285174e+00 1.557778540424316516e+00
1.200000000000000000e+01 1.197942757263025015e+01 1.176267385248887898e+01 8.901210128426342294e+00 3.658035945425936131e+00 1.453351378044980935e+00
1.200000000000000000e+01 1.197784304504341790e+01 1.176476369263333410e+01 8.887382318219565036e+00 3.724239549957332862e+00 1.548664008173216367e+00
1.200000000000000000e+01 1.197619390258683403e+01 1.177717940380820494e+01 8.890275990001878625e+00 3.690832306820926778e+00 1.578895131555267728e+00
1.200000000000000000e+01 1.198077273254341790e+01 1.177558075112103708e+01 8.887652205981204645e+00 3.687561021299304187e+00 1.540266335357731498e+00
1.200000000000000000e+01 1.197833132629341790e+01 1.177154918066645095e+01 8.895202599980740032e+00 3.630367730421143246e+00 1.455971407226702263e+00
1.200000000000000000e+01 1.197570562133683403e+01 1.178408457567815759e+01 8.896088590879656977e+00 3.631468673621850218e+00 1.533200598949739479e+00
1.200000000000000000e+01 1.197940319141196319e+01 1.178389241809921550e+01 8.906492625366261962e+00 3.637142454861401308e+00 1.527693281085262589e+00
1.199951171875000000e+01 1.197561662524879722e+01 1.178854763108281922e+01 8.890473840811242923e+00 3.589010880841754680e+00 1.562178270108601552e+00
1.200000000000000000e+01 1.197259163513025015e+01 1.179249411473427855e+01 8.887312679661789616e+00 3.561972568233110259e+00 1.509965621738084351e+00
1.199951171875000000e+01 1.197399186401050386e+01 1.179020871668766191e+01 8.891632058645114967e+00 3.560021875906855371e+00 1.508528096643698246e+00
1.200000000000000000e+01 1.197472905883683403e+01 1.178931160437303660e+01 8.880541658614257372e+00 3.444419683335572024e+00 1.402655094561865656e+00
1.199951171875000000e+01 1.197552132263025015e+01 1.178251657043725409e+01 8.908769733866868989e+00 3.454126747885760906e+00 1.492396809735074825e+00
1.200000000000000000e+01 1.197717046508683403e+01 1.178590162918384721e+01 8.902245029650954322e+00 3.457765642682790741e+00 1.487945154684142013e+00
1.200000000000000000e+01 1.197863530883683403e+01 1.178257896305239427e+01 8.914504075536317629e+00 3.446789880990121180e+00 1.481756316676245300e+00
1.200000000000000000e+01 1.197845101013025015e+01 1.179045830017675023e+01 8.930015385288918139e+00 3.403375167897272568e+00 1.477933136395176428e+00
1.199951171875000000e+01 1.198077273254341790e+01 1.178929743897016813e+01 8.936227080039701676e+00 3.390721138961564574e+00 1.467906674335837547e+00
1.200000000000000000e+01 1.197802734375000000e+01 1.179114042603599621e+01 8.933408144852668542e+00 3.378902103078400110e+00 1.440437935501949429e+00
1.200000000000000000e+01 1.197637820129341790e+01 1.179577432495966605e+01 8.905953166606730420e+00 3.346501434523518448e+00 1.481648858931475798e+00
1.200000000000000000e+01 1.197979617004341790e+01 1.181669319077889924e+01 8.909488094125475044e+00 3.292283704328800908e+00 1.489469471112053522e+00
1.200000000000000000e+01 1.197289561767366806e+01 1.179161916138333410e+01 8.901937815811862720e+00 3.305847014799851991e+00 1.386350146674015571e+00
1.200000000000000000e+01 1.197729014892366806e+01 1.180560065554450055e+01 8.923488235070989205e+00 3.282566546897193405e+00 1.401071453126894184e+00
1.200000000000000000e+01 1.197600960388025015e+01 1.181671534974258009e+01 8.944733200419026531e+00 3.273970189798310226e+00 1.414964109543649373e+00
1.200000000000000000e+01 1.197155045776050386e+01 1.181938981713573966e+01 8.931431984914476985e+00 3.241208722866030456e+00 1.412416916603488337e+00
1.200000000000000000e+01 1.197496842651050386e+01 1.182073959654911022e+01 8.932725215336388302e+00 3.214028955201727378e+00 1.410112004336539160e+00
1.200000000000000000e+01 1.197777843017366806e+01 1.182412856458061512e+01 8.948226653268131159e+00 3.186877922479129488e+00 1.407318427747450196e+00
1.200000000000000000e+01 1.197979617004341790e+01 1.182356545264544678e+01 8.920310486885027146e+00 3.151346014016664476e+00 1.402590110860003625e+00
1.200000000000000000e+01 1.197564100646708596e+01 1.181334614342915756e+01 8.919155340707032309e+00 3.173197289842196511e+00 1.394015471566547149e+00
1.200000000000000000e+01 1.197985123901050208e+01 1.181872287379690611e+01 8.944795973124133326e+00 3.155964547787950991e+00 1.391171037321274451e+00
1.200000000000000000e+01 1.197777843017366806e+01 1.181797475293986288e+01 8.934280624525323233e+00 3.134877312327199128e+00 1.394847911701914356e+00
1.200000000000000000e+01 1.197717046508683403e+01 1.182241413734152502e+01 8.931026742414424291e+00 3.095306134107784768e+00 1.359571923939172811e+00
1.200000000000000000e+01 1.197747444763025015e+01 1.181222875524618843e+01 8.948736177191200625e+00 3.116811813431003220e+00 1.380436045619588992e+00
1.200000000000000000e+01 1.197503304138025015e+01 1.181671467982982193e+01 8.933524834752157417e+00 3.062774347204592296e+00 1.377304089385505970e+00
1.200000000000000000e+01 1.197777843017366806e+01 1.182084613210062152e+01 8.947405431706418000e+00 3.069985093265093390e+00 1.354976689435322568e+00
1.200000000000000000e+01 1.197796272888025015e+01 1.183256812147277692e+01 8.953649810668901310e+00 3.051904691431485350e+00 1.367355874788594772e+00
1.200000000000000000e+01 1.197612928771708596e+01 1.182422319728640403e+01 8.938624468665761214e+00 3.019785137355052385e+00 1.314018037158473096e+00
1.200000000000000000e+01 1.197631358642366806e+01 1.184254242639764776e+01 8.957472233539061079e+00 3.031577956446507294e+00 1.352288649489537642e+00
1.200000000000000000e+01 1.197124647521708596e+01 1.183722640161473194e+01 8.975374247013853335e+00 2.993293524127765171e+00 1.350005314051893279e+00
1.200000000000000000e+01 1.197368788146708596e+01 1.183369505555840817e+01 8.973481227354238143e+00 2.987880074921181794e+00 1.346024364230800741e+00
1.199951171875000000e+01 1.197331928405391821e+01 1.185276173561393875e+01 8.992986299512647719e+00 2.971631172700691881e+00 1.376518320016160368e+00
1.200000000000000000e+01 1.197094249267366806e+01 1.184299047399618843e+01 8.958859778270824137e+00 2.931311201176920456e+00 1.340849666908485505e+00
1.200000000000000000e+01 1.197350358276050208e+01 1.184737869871567995e+01 8.971861205547227769e+00 2.938340156250464297e+00 1.333715251811858904e+00
1.200000000000000000e+01 1.197875499267366806e+01 1.184858508298668411e+01 8.956572106652211929e+00 2.924014167798143049e+00 1.318036478925315613e+00
1.200000000000000000e+01 1.197686648254341790e+01 1.184435677575548773e+01 8.979642827755036194e+00 2.907837674333307199e+00 1.326279627507191083e+00
1.200000000000000000e+01 1.197424077758683403e+01 1.184682189331101831e+01 8.984521734978912377e+00 2.907769686202167136e+00 1.321648006277564846e+00
1.200000000000000000e+01 1.197026991271708596e+01 1.183628052686353094e+01 8.987682562074446935e+00 2.908643619121502155e+00 1.295184538029199306e+00
1.200000000000000000e+01 1.197296023254341790e+01 1.184790397424498565e+01 9.015100481244255448e+00 2.900833377604073782e+00 1.332270753686566556e+00
1.200000000000000000e+01 1.196789312133683403e+01 1.183290741126519485e+01 8.993971513295697662e+00 2.871472813015183867e+00 1.313927789227739451e+00
1.200000000000000000e+01 1.196697162780391999e+01 1.183277680139764776e+01 8.998063289314529811e+00 2.878962817491841353e+00 1.301553165087915964e+00
1.199951171875000000e+01 1.196780412524879722e+01 1.183616017311393875e+01 8.992959372253448436e+00 2.828772507861448737e+00 1.313446581713582528e+00
1.199951171875000000e+01 1.196838140258683403e+01 1.184679187547497925e+01 8.998150747037932717e+00 2.842543876840593065e+00 1.308030236130376389e+00
1.199951171875000000e+01 1.196801280517366806e+01 1.185271586534472732e+01 8.996731329037581659e+00 2.842635524276072800e+00 1.297725904201159075e+00
1.199951171875000000e+01 1.197552132263025015e+01 1.185429186414644498e+01 8.976686432727955633e+00 2.796470111255336732e+00 1.304009872123350178e+00
1.199951171875000000e+01 1.197784304504341790e+01 1.185840679407131759e+01 8.996528110824757007e+00 2.794447993482466863e+00 1.297214113633385013e+00
1.199951171875000000e+01 1.197094249267366806e+01 1.186492289659472732e+01 8.955681637787652249e+00 2.771871689513205617e+00 1.304360007341416106e+00
1.199951171875000000e+01 1.197026991271708596e+01 1.186939158861713928e+01 8.941257364022277443e+00 2.738346590357765287e+00 1.266587279442927816e+00
1.199951171875000000e+01 1.196538710021708596e+01 1.186422917479201189e+01 8.961102802275366486e+00 2.756260298232543704e+00 1.298657703443105049e+00
1.200000000000000000e+01 1.196898936767366806e+01 1.186780706103030525e+01 8.968055138647613944e+00 2.740770740095638480e+00 1.291987500613219542e+00
1.200000000000000000e+01 1.197191905517366806e+01 1.187301823729201011e+01 8.941318475693481815e+00 2.723708018327104519e+00 1.291584968295515834e+00
1.200000000000000000e+01 1.197307991638025015e+01 1.187086273889764776e+01 8.934440258072584129e+00 2.727994199479580217e+00 1.290605592233657894e+00
1.200000000000000000e+01 1.196959733276050208e+01 1.186706986620397331e+01 8.933456014785852162e+00 2.716424465946716271e+00 1.284386894931925482e+00
1.200000000000000000e+01 1.196947764892366806e+01 1.186970187769106566e+01 8.966791681617488408e+00 2.726648441772582476e+00 1.295222003388193377e+00
1.200000000000000000e+01 1.197094249267366806e+01 1.186930259252910247e+01 8.918663293697807859e+00 2.692510112979173975e+00 1.280402239602500991e+00
1.200000000000000000e+01 1.197063851013025015e+01 1.185935266882251859e+01 8.931875101788504523e+00 2.716093664181131739e+00 1.266726657548431056e+00
1.200000000000000000e+01 1.197075819396708596e+01 1.185999456103030525e+01 8.900943343293945986e+00 2.672359997231890105e+00 1.275066932442847190e+00
1.200000000000000000e+01 1.196782850646708596e+01 1.186883869249739121e+01 8.883809479854999580e+00 2.656516213545538463e+00 1.733392349241607455e+00
1.200000000000000000e+01 1.197033452758683403e+01 1.186691625524618843e+01 8.883441238919129290e+00 2.659443217536018089e+00 1.271301475760902244e+00
1.200000000000000000e+01 1.197103779529221512e+01 1.186121679773448179e+01 8.855190143312722029e+00 2.621457312656739980e+00 1.266763537217375335e+00
