9.991571208502705304e-01 9.991571208502705304e-01 8.274672802663172178e-01 2.560628823528219300e-01 9.998250142395281870e-02 1.365963744656140122e-02
9.991571208502705304e-01 9.981805583502723067e-01 8.117861941816837401e-01 2.591703793484825269e-01 9.259975758839011917e-02 1.437715306174514041e-02
9.991571208502705304e-01 9.986688396002705304e-01 8.177217799949030308e-01 2.550098050889531009e-01 1.008998257973763302e-01 2.081313664846140554e-02
9.991571208502705304e-01 9.981805583502705304e-01 7.883919949914979242e-01 2.537975123450184611e-01 1.045326342130463715e-01 1.917521184693526948e-02
9.991571208502705304e-01 9.986688396002705304e-01 7.989674232483920946e-01 2.427458024484252519e-01 1.029819935569689093e-01 2.624140626841819923e-02
9.991571208502705304e-01 9.981805583502723067e-01 7.841669271324551715e-01 2.514971577423992244e-01 1.084132593244317988e-01 3.110989072832492930e-02
9.991571208502705304e-01 9.986688396002705304e-01 7.793877738223180529e-01 2.419967763000219207e-01 1.159958817097717088e-01 3.423942871000096311e-02
9.991571208502705304e-01 9.976922771002705304e-01 7.829951801976910986e-01 2.529906670004997693e-01 1.198002068640589002e-01 3.748122756947402934e-02
9.991571208502705304e-01 9.947625896002705304e-01 7.706630034840937782e-01 2.417615521645331000e-01 1.227574324685347662e-01 4.554415419047863622e-02
9.991571208502705304e-01 9.957391521002705304e-01 7.721300694887052174e-01 2.513303461629323721e-01 1.255818118739169265e-01 5.099627286784369495e-02
9.991571208502705304e-01 9.981805583502705304e-01 7.673756446016426480e-01 2.353761035477113239e-01 1.298507454139681272e-01 5.290298658388303821e-02
9.991571208502705304e-01 9.976922771002705304e-01 7.519419197514913833e-01 2.476569965779624738e-01 1.341278550332933861e-01 5.751503439197236389e-02
9.991571208502705304e-01 9.962274333502705304e-01 7.374167929677994948e-01 2.451392344841174520e-01 1.394853449527362343e-01 6.180429293161515680e-02
9.991571208502705304e-01 9.962274333502705304e-01 7.259880078253342361e-01 2.379667520378010437e-01 1.400884950398424422e-01 6.931280002372286475e-02
9.991571208502705304e-01 9.937860271002723067e-01 7.295748967385566885e-01 2.364900933075952949e-01 1.398024799239188098e-01 7.334643846273625201e-02
9.991571208502705304e-01 9.947625896002705304e-01 7.212522118618664990e-01 2.406539172129722459e-01 1.425063539769384491e-01 7.192928345807492185e-02
9.991571208502705304e-01 9.942743083502705304e-01 7.069314616275530483e-01 2.398346555550761039e-01 1.457394503091116178e-01 8.069697454360347244e-02
9.991571208502705304e-01 9.942743083502705304e-01 6.897407255270486814e-01 2.321978248861427119e-01 1.500826857621042620e-01 8.761002295919206873e-02
9.991571208502705304e-01 9.947625896002705304e-01 6.846504194332858617e-01 2.327373609788478959e-01 1.523132243730662694e-01 8.892738915167419655e-02
9.991571208502705304e-01 9.952508708502705304e-01 6.809335681131418738e-01 2.247801231423025570e-01 1.518705741506201079e-01 9.435381150395394378e-02
9.991571208502705304e-01 9.932977458502705304e-01 6.641858987063748998e-01 2.263645480448683855e-01 1.563779623578325229e-01 9.112533735406214142e-02
9.991571208502705304e-01 9.928094646002705304e-01 6.711133649380336408e-01 2.255369038125758507e-01 1.539611215012666179e-01 9.300921979156595576e-02
9.991571208502705304e-01 9.937860271002723067e-01 6.714423459615996848e-01 2.221765421965411491e-01 1.602634893899352875e-01 9.400771226060999908e-02
9.991571208502705304e-01 9.928094646002740831e-01 6.494433118418232453e-01 2.188605522382047752e-01 1.633595549719508710e-01 1.077020380805486788e-01
9.991571208502705304e-01 9.928094646002740831e-01 6.488827488308661628e-01 2.206253818439982695e-01 1.608793540078048423e-01 1.011680884023802296e-01
9.991571208502705304e-01 9.908563396002723067e-01 6.233256352454166205e-01 2.150439240115069595e-01 1.550852828123838734e-01 1.077166874496968685e-01
9.991571208502705304e-01 9.901837596436902089e-01 6.202673620850376324e-01 2.241116571167962590e-01 1.549275030200201186e-01 1.098976617492035679e-01
9.991571208502705304e-01 9.932977458502705304e-01 6.158620362814897220e-01 2.263798203249320906e-01 1.573988638766605774e-01 1.062132381286007288e-01
9.991571208502705304e-01 9.928094646002705304e-01 6.063779675111540257e-01 2.146503092510325672e-01 1.631071761675269016e-01 1.019749667981105778e-01
9.991571208502705304e-01 9.898797771002723067e-01 5.914562257959303793e-01 2.145961106666440799e-01 1.630367855208101346e-01 1.028106778017567891e-01
9.991571208502705304e-01 9.931134471436884326e-01 5.905828247623094995e-01 2.140694031990140189e-01 1.622959071930658581e-01 9.563625647142159902e-02
9.991571208502705304e-01 9.918329021002723067e-01 5.751163295537722320e-01 2.159275124420005909e-01 1.600328720959991458e-01 9.502904835016812157e-02
9.991571208502705304e-01 9.896954783936902089e-01 5.591535503738143120e-01 2.126186068810929086e-01 1.556158274083552229e-01 1.039105727150511083e-01
9.991571208502705304e-01 9.901837596436884326e-01 5.549390506710576432e-01 2.134684262377630759e-01 1.515471985783554132e-01 1.056327065575497492e-01
9.991571208502705304e-01 9.874383708502723067e-01 5.524077010537808974e-01 2.161423349468192256e-01 1.571119252891177709e-01 1.085796179146307772e-01
9.991571208502705304e-01 9.862775096436884326e-01 5.459367945384183685e-01 2.075566931854400110e-01 1.553334892587363569e-01 1.154052177232505194e-01
9.991571208502705304e-01 9.885346171871063348e-01 5.383276728184753779e-01 2.065045155532505561e-01 1.583811749278050129e-01 1.154498833823052184e-01
9.991571208502705304e-01 9.880463359371045584e-01 5.407959853932453598e-01 2.029208366453332246e-01 1.638638578437445759e-01 1.163721152316221641e-01
9.991571208502705304e-01 9.875580546871045584e-01 5.325320944736855466e-01 2.037597464166376326e-01 1.649063445782106285e-01 1.138230746505989321e-01
9.991571208502705304e-01 9.892071971436884326e-01 5.249890451791117130e-01 2.042497958586109164e-01 1.700410123564459752e-01 1.118048535733465743e-01
9.991571208502705304e-01 9.837714885239385865e-01 5.239643294760139014e-01 2.073390177657215006e-01 1.717765183815473939e-01 1.043161189277981293e-01
9.991571208502705304e-01 9.852914012410245448e-01 5.106045890982127133e-01 2.073315743251482601e-01 1.685742605259705762e-01 9.553590060404948403e-02
9.991571208502705304e-01 9.809614848607726145e-01 5.038262222321456818e-01 2.055706606840663753e-01 1.580217369698950769e-01 8.624224976271382959e-02
9.991571208502705304e-01 9.828595408936884326e-01 5.026688563656644959e-01 2.035728502988343180e-01 1.603634237332731693e-01 7.128141247558739124e-02
9.991571208502705304e-01 9.824019473924874291e-01 4.817831917707859901e-01 2.009211217294941676e-01 1.503961461139757816e-01 5.809876874388414381e-02
9.991571208502705304e-01 9.797699359053932966e-01 4.811730471496122874e-01 2.077892464902246772e-01 1.477750990637316519e-01 5.456616831459032424e-02
9.991571208502705304e-01 9.741901622305242370e-01 4.789461439173141599e-01 2.099359284299255890e-01 1.401158489019342923e-01 5.442470634736495949e-02
9.991571208502705304e-01 9.800495372305224606e-01 4.812324005929209392e-01 2.112742498532602653e-01 1.400172604965748135e-01 6.296325147187686877e-02
9.991571208502705304e-01 9.816340648173564887e-01 4.743590425985075854e-01 2.054808553720706144e-01 1.371283173049775428e-01 7.799377906332005672e-02
9.991571208502705304e-01 9.782807109371081111e-01 4.723037800334655145e-01 2.030104731587210054e-01 1.399603713994403975e-01 8.592383481011278690e-02
9.991571208502705304e-01 9.777278148173582650e-01 4.625268134285427379e-01 2.029058432014441138e-01 1.449440299074336025e-01 9.984201918428681211e-02
9.991571208502705304e-01 9.752864085673564887e-01 4.563527239138256419e-01 2.032840902875969746e-01 1.458970247065249914e-01 9.903278882890931278e-02
9.991571208502705304e-01 9.741901622305242370e-01 4.376577697119063970e-01 2.009217874536197712e-01 1.470775168146825074e-01 1.061235295358552433e-01
9.991571208502705304e-01 9.745587596436884326e-01 4.491513188819524771e-01 1.988118249216332956e-01 1.425353330613705616e-01 1.036478461566316955e-01
9.991571208502705304e-01 9.754060924041905167e-01 4.464795248026742769e-01 2.051455003933133625e-01 1.446731797463565172e-01 1.009759182417895307e-01
9.991571208502705304e-01 9.735726512410245448e-01 4.494328224212580380e-01 2.042499692163461944e-01 1.430781689626137165e-01 9.815584416494727016e-02
9.991571208502705304e-01 9.731489848607743909e-01 4.336420433031289434e-01 1.958725457166110573e-01 1.440628757699511375e-01 9.546952043423262424e-02
9.991571208502705304e-01 9.679621898173564887e-01 4.281133371640173380e-01 1.889022195943432791e-01 1.447072151954960084e-01 8.897400449471659645e-02
9.991571208502705304e-01 9.661382945568544045e-01 4.207725072532930710e-01 1.884191379012705170e-01 1.376510498785203929e-01 7.676661739748191771e-02
9.991571208502705304e-01 9.641205546871063348e-01 4.312517205204731141e-01 1.895436597007824631e-01 1.321785936218642377e-01 7.175115097692158495e-02
9.991571208502705304e-01 9.653364848607743909e-01 4.305050441809115114e-01 1.920158579008290900e-01 1.328122979268351322e-01 6.488741168417300198e-02
9.991571208502705304e-01 9.611813212844442234e-01 4.234213397250528033e-01 1.920341858875378449e-01 1.290715613425770236e-01 5.180756727968471864e-02
9.991571208502705304e-01 9.604536723607743909e-01 4.251777950492652280e-01 1.916850045903313315e-01 1.270133543453999536e-01 4.267809878176195837e-02
9.991571208502705304e-01 9.621335025661537088e-01 4.193921854822839634e-01 1.946567433003156822e-01 1.276451753640799325e-01 3.571000914445976449e-02
9.991571208502705304e-01 9.648238223924838763e-01 4.205128376921472011e-01 1.922936475348144825e-01 1.290711983544214903e-01 2.824208063665081814e-02
9.991571208502705304e-01 9.607088924676148167e-01 4.123345926062107480e-01 1.933013531837239896e-01 1.301771033631053953e-01 2.451728268119776621e-02
9.991571208502705304e-01 9.598668491200754715e-01 4.135664828631675505e-01 1.946595234979522360e-01 1.282383799593707074e-01 1.870312953940113376e-02
9.991571208502705304e-01 9.575609791400818693e-01 4.069487942589500307e-01 1.953055228995879133e-01 1.275985959803804803e-01 1.398114802371810961e-02
9.991571208502705304e-01 9.555771663912828728e-01 4.083650502622138134e-01 1.952642502672636837e-01 1.248719057302296598e-01 1.121742672007189356e-02
9.991571208502705304e-01 9.534641239029877369e-01 4.090735435544718968e-01 1.955367354033610283e-01 1.297821374056011834e-01 1.012989428326710462e-02
9.991571208502705304e-01 9.538634090649491526e-01 4.098452456814154488e-01 1.951536965846170091e-01 1.346715340515820536e-01 1.381052225074114181e-02
9.991571208502705304e-01 9.503194499476066426e-01 4.103428248194891381e-01 1.902282462073241476e-01 1.454134415615246922e-01 9.208996324795659660e-03
9.991571208502705304e-01 9.445309963478649706e-01 3.996572822840196437e-01 1.960516942640584404e-01 1.585073292325014371e-01 5.448304933941439110e-03
9.991571208502705304e-01 9.378454304334962188e-01 3.954005009813617022e-01 2.049467754253955221e-01 1.677764642404149242e-01 3.343967354707766404e-03
9.991571208502705304e-01 9.404286794840093222e-01 4.019130272026139039e-01 2.098209372837303022e-01 1.646120004545639226e-01 4.484664943572136409e-03
9.991571208502705304e-01 9.406893612176112640e-01 4.004724919765578761e-01 2.169190416267401389e-01 1.720413538780518614e-01 6.835658925902654559e-03
9.991571208502705304e-01 9.412168590015301817e-01 4.108799334347050802e-01 2.220712865671421454e-01 1.754566626888331982e-01 8.119807618542473904e-03
9.991571208502705304e-01 9.380382579251982378e-01 4.108387155627664100e-01 2.306726512981027710e-01 1.803529898226647887e-01 5.915914047236903173e-03
9.991571208502705304e-01 9.286475368688709153e-01 4.054215779636720640e-01 2.456912633413930180e-01 1.892669245226725749e-01 5.313351579883107689e-03
9.991571208502705304e-01 9.261715335851619102e-01 4.185344930840937394e-01 2.542117958349621176e-01 2.072980804312796188e-01 3.161106294323423604e-03
9.991571208502705304e-01 9.277016621176681355e-01 4.223559066520099492e-01 2.613035891698274327e-01 2.073841444712130055e-01 1.322793865168203631e-03
9.991571208502705304e-01 9.222794489880286051e-01 4.206876652034896580e-01 2.726430480196802009e-01 2.081722858090486739e-01 3.633017352869805094e-04
9.991571208502705304e-01 9.291325787467155095e-01 4.192918061952468634e-01 2.798684749763227231e-01 2.108506852037459467e-01 9.481095343063516978e-04
9.991571208502705304e-01 9.246766719991210692e-01 4.312647612896789440e-01 2.971667922559895203e-01 2.230156348055545301e-01 3.236044882219957231e-03
9.991571208502705304e-01 9.201846561785007594e-01 4.223765198902231788e-01 3.073653871806873994e-01 2.320077956949009312e-01 9.638122355838052435e-03
9.991571208502705304e-01 9.208861965510433123e-01 4.348263151924989245e-01 3.052643920378796949e-01 2.382404090625955817e-01 1.484900307172598577e-02
9.991571208502705304e-01 9.205232357556294431e-01 4.514984320017862984e-01 3.272776941171411380e-01 2.321065283870038520e-01 2.836835069672760667e-02
9.991571208502705304e-01 9.120018314324980224e-01 4.384060889901899571e-01 3.323691432480879726e-01 2.514774613369996636e-01 4.074628963133508641e-02
9.991571208502705304e-01 9.125088572830364342e-01 4.429769674578967198e-01 3.373869084627196813e-01 2.589073870016518342e-01 5.433923563961062797e-02
9.991571208502705304e-01 9.196307026386705274e-01 4.430280170749050228e-01 3.455923909966029939e-01 2.655939474717134985e-01 7.461910057629594917e-02
9.991571208502705304e-01 9.142313183854717806e-01 4.548508836102911346e-01 3.464956734277135908e-01 2.544391579698830341e-01 9.926509038518127603e-02
9.991571208502705304e-01 9.117701101148529830e-01 4.584921386414375633e-01 3.540835100768990884e-01 2.637046540635394898e-01 1.176441361767306404e-01
9.991571208502705304e-01 9.136477345169247144e-01 4.585410110453871368e-01 3.534941034168914697e-01 2.732915118729741799e-01 1.278832039432606926e-01
9.991571208502705304e-01 9.136651392919468151e-01 4.584902470874610003e-01 3.526642038723837302e-01 2.765429055465129515e-01 1.366569822945635782e-01
9.991571208502705304e-01 9.115316248702765023e-01 4.553707171237011408e-01 3.629655563530853613e-01 2.777577361136698286e-01 1.467816790900560164e-01
9.991571208502705304e-01 9.130123210534506484e-01 4.651715529345210598e-01 3.721244965376619973e-01 2.966916166725259707e-01 1.465212158488939931e-01
9.991571208502705304e-01 9.187085391930001066e-01 4.795868494396238191e-01 3.748144216536983819e-01 3.134105765058921023e-01 1.517408354729494757e-01
9.991571208502705304e-01 9.214334560530410556e-01 4.844180861214404388e-01 3.825370051973955299e-01 3.193370605321792510e-01 1.600506624591817584e-01
9.991571208502705304e-01 9.234992884466066698e-01 4.953211797488528134e-01 3.918270695467818143e-01 3.260045599233540869e-01 1.792319357503877608e-01
9.991571208502705304e-01 9.260531895738424168e-01 5.025405420041177962e-01 3.862528272296863463e-01 3.297481914577620188e-01 1.952744882726851205e-01
9.991571208502705304e-01 9.277079686481748411e-01 5.007854539463973964e-01 4.084370376242665301e-01 3.407307906704364342e-01 2.191455074068384690e-01
9.991571208502705304e-01 9.316629810847540938e-01 5.172115530406795614e-01 4.181793850947288504e-01 3.565218618827934449e-01 2.384582606790015546e-01
9.991571208502705304e-01 9.358662371849035821e-01 5.217956536466505923e-01 4.166336009601350199e-01 3.651316897661729399e-01 2.489272232274721830e-01
9.991571208502705304e-01 9.404002139898235413e-01 5.363770863514627507e-01 4.236556783090161815e-01 3.811938372196461700e-01 2.679435104985379290e-01
9.991571208502705304e-01 9.428133297366194654e-01 5.410222277438734295e-01 4.392847559136869862e-01 3.971713171868076486e-01 2.796334428080493595e-01
9.991571208502705304e-01 9.417965335851619102e-01 5.416827180609686820e-01 4.593888406864143903e-01 4.127933057213271084e-01 2.984982451673281467e-01
9.991571208502705304e-01 9.516709163912828728e-01 5.576933179932126450e-01 4.695244909265019473e-01 4.149595326677459894e-01 3.189294199563685872e-01
9.991571208502705304e-01 9.546800540766575693e-01 5.767137928961787452e-01 4.768263411666904261e-01 4.278981479069452476e-01 3.494638901685274135e-01
9.991571208502705304e-01 9.590438975778603492e-01 5.797019755286410003e-01 4.936396143522721047e-01 4.537533068757468868e-01 3.678854777836386702e-01
9.991571208502705304e-01 9.556259288278603492e-01 5.877838965121355841e-01 5.041988138780819639e-01 4.575717254804327894e-01 3.879264099365156149e-01
9.991571208502705304e-01 9.652474887727375830e-01 6.060156703713985848e-01 5.166309614685431484e-01 4.783267181862225215e-01 4.110966630807242339e-01
9.991571208502705304e-01 9.669856273173564887e-01 6.113852191790343227e-01 5.352284378303506784e-01 5.003238786658759096e-01 4.297789336042798780e-01
9.991571208502705304e-01 9.649128184805206843e-01 6.224865428422745595e-01 5.421650728547620091e-01 5.044025468608825946e-01 4.473568019130493845e-01
9.991571208502705304e-01 9.643599223607726145e-01 6.290016435364744751e-01 5.541498693560740207e-01 5.225425028087453683e-01 4.667508964811659666e-01
9.991571208502705304e-01 9.685055400344424470e-01 6.335072958022394118e-01 5.630529684020926240e-01 5.333124879717958677e-01 4.869643323166923388e-01
9.991571208502705304e-01 9.706185825227358066e-01 6.481922145096312704e-01 5.724064627222951174e-01 5.438929795327700489e-01 5.020077931973272456e-01
9.991571208502705304e-01 9.679282626964056391e-01 6.596455876823448250e-01 5.890776280032525847e-01 5.541255679261052336e-01 5.146850024783460320e-01
9.991571208502705304e-01 9.658798350778585728e-01 6.558955317022210352e-01 5.977272129079889140e-01 5.670239792543556590e-01 5.297270329862411309e-01
9.991571208502705304e-01 9.694821025344424470e-01 6.617491492408458242e-01 6.050749856627630763e-01 5.729131140987417936e-01 5.399692505599413828e-01
9.991571208502705304e-01 9.700996135239385865e-01 6.666582993380902877e-01 6.111462175448156842e-01 5.814164591492048118e-01 5.502293971378144910e-01
9.991571208502705304e-01 9.718991275661537088e-01 6.771692905472121993e-01 6.233242582241196317e-01 5.890950111818167301e-01 5.568204432075214427e-01
9.991571208502705304e-01 9.758943736541905167e-01 6.807977897556689584e-01 6.207800193969665870e-01 5.959480753290389288e-01 5.658985386119894656e-01
9.991571208502705304e-01 9.723874088161554852e-01 6.873553247416452905e-01 6.325544945536725194e-01 6.035361235148988257e-01 5.731619011518178652e-01
9.991571208502705304e-01 9.717392100778585728e-01 6.907389332028159856e-01 6.407601624874974533e-01 6.108348709963991041e-01 5.788317698318090621e-01
9.991571208502705304e-01 9.741255473607708382e-01 6.902730650463571038e-01 6.467053043433539372e-01 6.182767267610937978e-01 5.854209789632864869e-01
9.991571208502705304e-01 9.768465549359017785e-01 7.064544649386270692e-01 6.485708546124699936e-01 6.243563347140987929e-01 5.906472114206859914e-01
9.991571208502705304e-01 9.769355510239385865e-01 7.118034246494815420e-01 6.659903190279141683e-01 6.257429441206943110e-01 5.956701101861696657e-01
9.991571208502705304e-01 9.832832072739403628e-01 7.156833806221545302e-01 6.721463160108598345e-01 6.354361989403809474e-01 6.013801214398006856e-01
9.991571208502705304e-01 9.816340648173547123e-01 7.252153553641047523e-01 6.662591235997572525e-01 6.435348212303821924e-01 6.064000392471662337e-01
9.991571208502705304e-01 9.834028911107743909e-01 7.344514316294930012e-01 6.709921061122283703e-01 6.417672789176798176e-01 6.129195116364369866e-01
9.991571208502705304e-01 9.822822635556516246e-01 7.395429805674105239e-01 6.757261584518587938e-01 6.564539842213701348e-01 6.170117071929848152e-01
9.991571208502705304e-01 9.872847598924856527e-01 7.477192642350640739e-01 6.892575205058939503e-01 6.586363293588544110e-01 6.204825607318165126e-01
9.991571208502705304e-01 9.857246135239403628e-01 7.566256712653469663e-01 6.973658213567750508e-01 6.681927090425183735e-01 6.252647614685971078e-01
9.991571208502705304e-01 9.875580546871045584e-01 7.677777929304347992e-01 6.989773323969767915e-01 6.711935313852235296e-01 6.309051300792907213e-01
9.991571208502705304e-01 9.832832072739385865e-01 7.632169400974522233e-01 7.054366846326800555e-01 6.812248438124051120e-01 6.357331788956464003e-01
9.991571208502705304e-01 9.890228984371045584e-01 7.752382346267658875e-01 7.087494714499129600e-01 6.847766820547276367e-01 6.401658001460148739e-01
9.991571208502705304e-01 9.918329021002705304e-01 7.872108992790280979e-01 7.186323813497228485e-01 6.844199930286176681e-01 6.456375917037480150e-01
9.991571208502705304e-01 9.901837596436884326e-01 7.972073634947580700e-01 7.230419272883796822e-01 6.999743004985452544e-01 6.494956958951405568e-01
9.991571208502705304e-01 9.906720408936884326e-01 8.095975653628961766e-01 7.326989406140640426e-01 6.997664105140692925e-01 6.578419120219947125e-01
9.991571208502705304e-01 9.932977458502740831e-01 8.154920923609001449e-01 7.385699456860219669e-01 7.073709571341755264e-01 6.575172420885615487e-01
9.991571208502705304e-01 9.920172008068526281e-01 8.150914107998374902e-01 7.430517770793763077e-01 7.172061044121429418e-01 6.650986771231814920e-01
9.991571208502705304e-01 9.936017283936866562e-01 8.222710009315843394e-01 7.447013332398677576e-01 7.156096766596728997e-01 6.685346095039355063e-01
9.991571208502705304e-01 9.936017283936884326e-01 8.266570509728712324e-01 7.460961534828118857e-01 7.224557740047297116e-01 6.737544787866331930e-01
9.991571208502705304e-01 9.914643046871045584e-01 8.368076510332347340e-01 7.685641074556661678e-01 7.309500200122895919e-01 6.767124163127138381e-01
9.991571208502705304e-01 9.940900096436866562e-01 8.489342260817132058e-01 7.710142118096197095e-01 7.354472710271302560e-01 6.775694954165820683e-01
9.991571208502705304e-01 9.942743083502705304e-01 8.465871765362269485e-01 7.671446779714266029e-01 7.391035401345469324e-01 6.857632445242303199e-01
9.991571208502705304e-01 9.952508708502723067e-01 8.446663892129180340e-01 7.769902846340643876e-01 7.499305666973707929e-01 6.920147488660286506e-01
9.991571208502705304e-01 9.950665721436884326e-01 8.529505415476457131e-01 7.823075075397794009e-01 7.530565909070761066e-01 7.038574267664090556e-01
9.991571208502705304e-01 9.962274333502723067e-01 8.717312022455878662e-01 7.946344446171416109e-01 7.638745881708999264e-01 7.165345099127171657e-01
9.991571208502705304e-01 9.970196971436866562e-01 8.694460928587641746e-01 7.944233970667857747e-01 7.767425648673809135e-01 7.216479457106630413e-01
9.991571208502705304e-01 9.965314158936848798e-01 8.801701358478553061e-01 8.046397774537208392e-01 7.752608244424052941e-01 7.281695078479528682e-01
9.991571208502705304e-01 9.947625896002723067e-01 8.891279918260543980e-01 8.122993292487539208e-01 7.862637699324119822e-01 7.308379236996733752e-01
9.991571208502705304e-01 9.957391521002705304e-01 8.963432032103675340e-01 8.183346028744811207e-01 7.885211995533580875e-01 7.367338194883670255e-01
9.991571208502705304e-01 9.947625896002705304e-01 8.957199176553665154e-01 8.274344216729865309e-01 7.994352769037131878e-01 7.421678057163871856e-01
9.991571208502705304e-01 9.957391521002705304e-01 9.018386748659867891e-01 8.270583878920714227e-01 7.995528648271310601e-01 7.465867714395733046e-01
9.991571208502705304e-01 9.965314158936902089e-01 9.071047277385932972e-01 8.286850222437198710e-01 8.069311951982678366e-01 7.508671912966207174e-01
9.991571208502705304e-01 9.965314158936902089e-01 9.124879307304212261e-01 8.379971766668283806e-01 8.131093416966530540e-01 7.557641878562586513e-01
9.991571208502705304e-01 9.975079783936866562e-01 9.170896298659751977e-01 8.468909901437822185e-01 8.193261805149028021e-01 7.602058519588177354e-01
9.991571208502705304e-01 9.981805583502705304e-01 9.247839440285385848e-01 8.490422718480736819e-01 8.183157667976370675e-01 7.644562114891018112e-01
9.991571208502705304e-01 9.981805583502723067e-01 9.261400404293169686e-01 8.542657530141566369e-01 8.237598446990412882e-01 7.687243643181220776e-01
9.991571208502705304e-01 9.972039958502705304e-01 9.261493738156456601e-01 8.587550694347267921e-01 8.320375337424721351e-01 7.743313487634964076e-01
9.991571208502705304e-01 9.960431346436884326e-01 9.238252174373737802e-01 8.609961885441688167e-01 8.327495868196317375e-01 7.770462036854266508e-01
9.991571208502705304e-01 9.972039958502723067e-01 9.286763250710308171e-01 8.620334230075261672e-01 8.454440586316724904e-01 7.847730803521013598e-01
9.991571208502705304e-01 9.972039958502723067e-01 9.284545371633718958e-01 8.715055328327014905e-01 8.377703753858325442e-01 7.885742718939532381e-01
9.991571208502705304e-01 9.976922771002705304e-01 9.299589446520730718e-01 8.719279717490344694e-01 8.425889948246023664e-01 7.917951783791554732e-01
9.991571208502705304e-01 9.979962596436866562e-01 9.353945185833669740e-01 8.705476537820793226e-01 8.504657751458442050e-01 7.963424031032455552e-01
9.991571208502705304e-01 9.979962596436866562e-01 9.397441563791701924e-01 8.782056195684724287e-01 8.577387882269125186e-01 8.052643691279559590e-01
9.991571208502705304e-01 9.975079783936884326e-01 9.459696882439700971e-01 8.792804770543067860e-01 8.632795026490356349e-01 8.102126531369975293e-01
9.991571208502705304e-01 9.976922771002740831e-01 9.482048954199964186e-01 8.825627011917447362e-01 8.611531885255150343e-01 8.105557846869531069e-01
9.991571208502705304e-01 9.967157146002705304e-01 9.454475231757868414e-01 8.846998909319694349e-01 8.642747402848893756e-01 8.140794933088058016e-01
9.991571208502705304e-01 9.967157146002705304e-01 9.490994382752280245e-01 8.855964856617752901e-01 8.687057019988726481e-01 8.156308148480693188e-01
9.991571208502705304e-01 9.981805583502723067e-01 9.537665944070852220e-01 8.927090670336674805e-01 8.712237740313186762e-01 8.203091487236613411e-01
9.991571208502705304e-01 9.981805583502723067e-01 9.509605000288345877e-01 8.912625623010868026e-01 8.751465658174142348e-01 8.201590433573715533e-01
9.991571208502705304e-01 9.981805583502723067e-01 9.498918742824447037e-01 8.951038236212554011e-01 8.767732571164277289e-01 8.221928166262553184e-01
9.991571208502705304e-01 9.976922771002705304e-01 9.486585393337527705e-01 8.917950119268898135e-01 8.791847440169426875e-01 8.261845515611982993e-01
9.991571208502705304e-01 9.970196971436902089e-01 9.548677671463821071e-01 8.918503656347116504e-01 8.758828496798258811e-01 8.280294639684795399e-01
9.991571208502705304e-01 9.976922771002705304e-01 9.516254336293918925e-01 8.915756840612178991e-01 8.820518320059012041e-01 8.288973822194127816e-01
9.991571208502705304e-01 9.981805583502723067e-01 9.496044543874901933e-01 8.940220601195196792e-01 8.785485563568151690e-01 8.293441559289527198e-01
9.991571208502705304e-01 9.972039958502723067e-01 9.548730565593448461e-01 8.975465168513654390e-01 8.807962244258416007e-01 8.330004821324648034e-01
9.991571208502705304e-01 9.976922771002740831e-01 9.543523602277108608e-01 9.016122778959294592e-01 8.798959649164004304e-01 8.337763502268487059e-01
9.991571208502705304e-01 9.972039958502723067e-01 9.522444594353949299e-01 9.075568485608851432e-01 8.897678348093922551e-01 8.358604741376089997e-01
9.991571208502705304e-01 9.972039958502705304e-01 9.450227182236226042e-01 9.096030800022463225e-01 8.889160504328472712e-01 8.375517991642258409e-01
9.991571208502705304e-01 9.981805583502687540e-01 9.471482531243964331e-01 9.118108922247039061e-01 8.947090771883638993e-01 8.417309582476280028e-01
9.991571208502705304e-01 9.962274333502705304e-01 9.492167248664653556e-01 9.120859985124969427e-01 8.935710843677471260e-01 8.453569739374793279e-01
9.991571208502705304e-01 9.976922771002740831e-01 9.485027061213582300e-01 9.095643541864362192e-01 8.996641318872029558e-01 8.482316748961817865e-01
9.991571208502705304e-01 9.972039958502705304e-01 9.479054920742502333e-01 9.158954638988818786e-01 8.997083857845744603e-01 8.468498667026937987e-01
9.991571208502705304e-01 9.967157146002723067e-01 9.500584577287298771e-01 9.180351019403820700e-01 9.022037629856782814e-01 8.528596006800124307e-01
9.991571208502705304e-01 9.967157146002723067e-01 9.509919815982250668e-01 9.237417171458801590e-01 8.977309737260084077e-01 8.529402688406066968e-01
9.991571208502705304e-01 9.975079783936884326e-01 9.467495975726603064e-01 9.170511312476463672e-01 9.017273687747113797e-01 8.545445157699222971e-01
9.991571208502705304e-01 9.986688396002687540e-01 9.463142466404406150e-01 9.175544032900546654e-01 9.097373574501190774e-01 8.573311453740186661e-01
9.991571208502705304e-01 9.976922771002723067e-01 9.512605732873407050e-01 9.186724353423603162e-01 9.071103496818979650e-01 8.576746307258165114e-01
9.991571208502705304e-01 9.972039958502705304e-01 9.496784429460998211e-01 9.213655681304349088e-01 9.069290832610024111e-01 8.613524757396013865e-01
9.991571208502705304e-01 9.981805583502705304e-01 9.484871868530557748e-01 9.216317968374427849e-01 9.128291258958398657e-01 8.618340547679887997e-01
9.991571208502705304e-01 9.986688396002705304e-01 9.486232723872838335e-01 9.256400705536051987e-01 9.110657621896809388e-01 8.656074854956270492e-01
9.991571208502705304e-01 9.979962596436884326e-01 9.495879698906257715e-01 9.253288719919119387e-01 9.151697078325664592e-01 8.673500921973815725e-01
9.991571208502705304e-01 9.965314158936884326e-01 9.522880942159090978e-01 9.248111701207353263e-01 9.128374329693524913e-01 8.691046569710587644e-01
9.991571208502705304e-01 9.960431346436884326e-01 9.551087653134988642e-01 9.302042570037691860e-01 9.169214703365318186e-01 8.712128145764115317e-01
9.991571208502705304e-01 9.972039958502705304e-01 9.533385246259875601e-01 9.301659127203771860e-01 9.142175784846342523e-01 8.702460504282736320e-01
9.991571208502705304e-01 9.959234508068526281e-01 9.550784935290366207e-01 9.313016694705744669e-01 9.156066219782124094e-01 8.737292554071682815e-01
9.991571208502705304e-01 9.969000133068544045e-01 9.527847284542065864e-01 9.304910075277597059e-01 9.209477761291697817e-01 8.739205560673719564e-01
9.991571208502705304e-01 9.975079783936884326e-01 9.554417507698111933e-01 9.365064473655788646e-01 9.202008611081575751e-01 8.782616937564217130e-01
9.991571208502705304e-01 9.976922771002705304e-01 9.539640413989936008e-01 9.345415196391257950e-01 9.217645502724129969e-01 8.751762435191934308e-01
9.991571208502705304e-01 9.972039958502705304e-01 9.564975213522792785e-01 9.367437633274686704e-01 9.256987222174748453e-01 8.758545423722038370e-01
9.991571208502705304e-01 9.972039958502705304e-01 9.509799343198039878e-01 9.373435160046952319e-01 9.246824708201559773e-01 8.760796167199811357e-01
9.991571208502705304e-01 9.972039958502705304e-01 9.524357543629164979e-01 9.390575574427035832e-01 9.248881680891756218e-01 8.784158820516498878e-01
9.991571208502705304e-01 9.972039958502723067e-01 9.559113417617268738e-01 9.371595908051855162e-01 9.285363669539559162e-01 8.796102542920702927e-01
9.991571208502705304e-01 9.976922771002723067e-01 9.569775702625218372e-01 9.412367022059910937e-01 9.293367590414067791e-01 8.811913921952018169e-01
9.991571208502705304e-01 9.972039958502723067e-01 9.545266040699385002e-01 9.386098689876334333e-01 9.275760683648801574e-01 8.836472133665058681e-01
9.991571208502705304e-01 9.976922771002723067e-01 9.609975166937960722e-01 9.386196530873407440e-01 9.298734271123398898e-01 8.793419712904531060e-01
9.991571208502705304e-01 9.981805583502705304e-01 9.569547413860828300e-01 9.424268742378760777e-01 9.306950259743684839e-01 8.859835993043243541e-01
9.991571208502705304e-01 9.976922771002705304e-01 9.598470874019895405e-01 9.460766487965432958e-01 9.339007915706973861e-01 8.860225978905149624e-01
9.991571208502705304e-01 9.972039958502705304e-01 9.557539796929095388e-01 9.471135879923657797e-01 9.343147849659798609e-01 8.836371444840218636e-01
9.991571208502705304e-01 9.981805583502705304e-01 9.571189416266907557e-01 9.393469335916559970e-01 9.327793662078764925e-01 8.840207387527909688e-01
9.991571208502705304e-01 9.976922771002723067e-01 9.590098580392609762e-01 9.429400647194263740e-01 9.347919432220059832e-01 8.839541298677293657e-01
9.991571208502705304e-01 9.981805583502705304e-01 9.570767380050355655e-01 9.460784550868162057e-01 9.343582327728907622e-01 8.825952060747297434e-01
9.991571208502705304e-01 9.979962596436884326e-01 9.536067909317296198e-01 9.442544027972150644e-01 9.335181679987885062e-01 8.839046874137461707e-01
9.991571208502705304e-01 9.979962596436884326e-01 9.564654027160059968e-01 9.423083648620416142e-01 9.373448675120270579e-01 8.860488109848396743e-01
9.991571208502705304e-01 9.979962596436884326e-01 9.556682566810721369e-01 9.447837733540538352e-01 9.349673713236685835e-01 8.872565998850445723e-01
9.991571208502705304e-01 9.970196971436866562e-01 9.591664465136116036e-01 9.447556839192223777e-01 9.393712451801663477e-01 8.870290654851307188e-01
9.991571208502705304e-01 9.976922771002705304e-01 9.650214926813411864e-01 9.481243063639723800e-01 9.419915850244944266e-01 8.902514984729117398e-01
9.991571208502705304e-01 9.986688396002705304e-01 9.642158170031187581e-01 9.493955321818532411e-01 9.441998757152063604e-01 8.891003147649543248e-01
9.991571208502705304e-01 9.981805583502723067e-01 9.655030823469790136e-01 9.480904208487324070e-01 9.448916366224362484e-01 8.913385740070913776e-01
9.991571208502705304e-01 9.972039958502723067e-01 9.661067646814966992e-01 9.500861809881691045e-01 9.422415212212129632e-01 8.954759640856713165e-01
9.991571208502705304e-01 9.976922771002723067e-01 9.680863173575744440e-01 9.488057425327873773e-01 9.430263224951724865e-01 8.904629528766356827e-01
9.991571208502705304e-01 9.976922771002723067e-01 9.700815791386911968e-01 9.552905454119766659e-01 9.482952879223258691e-01 8.940674013499205763e-01
9.991571208502705304e-01 9.976922771002705304e-01 9.701139136152612252e-01 9.539377463813725200e-01 9.494876886630514434e-01 8.954207597510399630e-01
9.991571208502705304e-01 9.991571208502723067e-01 9.707505689353101985e-01 9.541206413635325845e-01 9.514064001648203650e-01 8.937136992306526917e-01
9.991571208502705304e-01 9.991571208502723067e-01 9.728990682068143769e-01 9.558361757694218142e-01 9.523743112487110807e-01 8.940288330784675885e-01
9.991571208502705304e-01 9.986688396002705304e-01 9.739037594531154696e-01 9.575087675192790471e-01 9.504053054734287187e-01 8.965239572042978944e-01
9.991571208502705304e-01 9.981805583502705304e-01 9.724520236859017785e-01 9.576455257157050482e-01 9.515030225109541995e-01 8.956050129898140977e-01
9.991571208502705304e-01 9.986688396002705304e-01 9.715454057711454539e-01 9.601210178433206011e-01 9.541321655505479171e-01 9.000065591972212786e-01
9.991571208502705304e-01 9.976922771002705304e-01 9.720004402698521062e-01 9.607399536838130416e-01 9.558623231061940118e-01 9.005998953827182296e-01
9.991571208502705304e-01 9.972039958502705304e-01 9.695135578412195088e-01 9.615845157313174241e-01 9.568063346429815930e-01 9.007039790405590995e-01
9.991571208502705304e-01 9.981805583502723067e-01 9.736471109122604162e-01 9.613330467355076792e-01 9.603377125847889495e-01 8.982205233616953333e-01
9.991571208502705304e-01 9.981805583502705304e-01 9.748673616873091419e-01 9.666208036948162885e-01 9.573995459447566247e-01 9.000894513408644881e-01
9.991571208502705304e-01 9.976922771002723067e-01 9.752666468492723340e-01 9.691512134742854556e-01 9.587438899190101615e-01 9.008938173647037528e-01
9.991571208502705304e-01 9.967157146002723067e-01 9.758092868510672702e-01 9.670295577373959617e-01 9.627560533302350620e-01 9.022305561506298588e-01
9.991571208502705304e-01 9.972039958502705304e-01 9.782174726123837871e-01 9.694433376195306096e-01 9.615312926773329494e-01 9.042709639653594422e-01
9.991571208502705304e-01 9.972039958502705304e-01 9.792187530785625427e-01 9.721543879755252249e-01 9.623856971453768061e-01 9.036769087717712035e-01
9.991571208502705304e-01 9.976922771002705304e-01 9.761710828119536387e-01 9.712888613194632370e-01 9.685682841754332806e-01 9.081650425352387757e-01
9.991571208502705304e-01 9.981805583502723067e-01 9.799774369558154063e-01 9.746119735116884897e-01 9.684314794332502530e-01 9.050869572281514674e-01
9.991571208502705304e-01 9.981805583502723067e-01 9.818794425761758760e-01 9.751222450462595503e-01 9.668784912429297940e-01 9.070197246005693437e-01
9.991571208502705304e-01 9.986688396002723067e-01 9.821272987324292103e-01 9.758099567638254257e-01 9.680604124100198327e-01 9.095880522849710825e-01
9.991571208502705304e-01 9.981805583502705304e-01 9.814501395781753956e-01 9.740958284235592402e-01 9.654143371845083088e-01 9.118051190907303649e-01
9.991571208502705304e-01 9.981805583502723067e-01 9.851995129856199185e-01 9.756154562817407339e-01 9.671397147148605988e-01 9.086370484683712334e-01
9.991571208502705304e-01 9.991571208502705304e-01 9.866672489029859605e-01 9.776410006813947007e-01 9.648963713441083279e-01 9.103049505536162656e-01
9.991571208502705304e-01 9.991571208502705304e-01 9.863427944261946578e-01 9.785775448234534934e-01 9.700266274624076424e-01 9.104891570121294020e-01
9.991571208502705304e-01 9.991571208502705304e-01 9.857898983064483645e-01 9.781616970130304622e-01 9.713597866339376274e-01 9.115615575280219263e-01
9.991571208502705304e-01 9.991571208502705304e-01 9.876131236541887404e-01 9.787248492507352182e-01 9.738734667946165047e-01 9.133758840631758247e-01
9.991571208502705304e-01 9.991571208502705304e-01 9.863569598290595764e-01 9.821988900454456939e-01 9.739236781454545522e-01 9.132390757721329244e-01
9.991571208502705304e-01 9.991571208502705304e-01 9.876533573056498483e-01 9.844140506444851724e-01 9.724555024783687607e-01 9.149894769120785476e-01
9.991571208502705304e-01 9.986688396002705304e-01 9.885346171871063348e-01 9.835067225144360492e-01 9.725183978479337021e-01 9.144251360825714769e-01
9.991571208502705304e-01 9.986688396002705304e-01 9.890228984371045584e-01 9.840069469126966339e-01 9.734066712168960578e-01 9.151085044192837081e-01
9.991571208502705304e-01 9.991571208502705304e-01 9.885346171871063348e-01 9.865122981196847718e-01 9.757367615697498664e-01 9.160970128759458042e-01
9.991571208502705304e-01 9.991571208502723067e-01 9.883259372622354988e-01 9.850474543696829954e-01 9.757241617836958092e-01 9.154697641130529195e-01
9.991571208502705304e-01 9.981805583502705304e-01 9.885244013716842915e-01 9.873754833133610020e-01 9.773012296187042480e-01 9.175556779861624435e-01
9.991571208502705304e-01 9.981805583502705304e-01 9.886606075544488448e-01 9.847985407933546043e-01 9.771303890013660620e-01 9.176056972064823292e-01
9.991571208502705304e-01 9.991571208502723067e-01 9.893512621988129752e-01 9.836785831509899936e-01 9.788030433182237644e-01 9.201185845868717905e-01
9.991571208502705304e-01 9.991571208502705304e-01 9.893268809805206843e-01 9.872501628587766476e-01 9.802547860292669668e-01 9.200785615729812905e-01
9.991571208502705304e-01 9.986688396002723067e-01 9.900947635556516246e-01 9.883157214468152318e-01 9.773165378187340657e-01 9.179192843011840797e-01
9.991571208502705304e-01 9.986688396002740831e-01 9.899994609371045584e-01 9.887796214785247173e-01 9.794887411866457505e-01 9.198001430278001100e-01
9.991571208502705304e-01 9.986688396002705304e-01 9.912800059805206843e-01 9.881172573373646628e-01 9.766043531955181933e-01 9.193983104380653026e-01
9.991571208502705304e-01 9.991571208502705304e-01 9.896308635239385865e-01 9.860751362493260785e-01 9.785419476481882484e-01 9.199553027854507903e-01
9.991571208502705304e-01 9.991571208502705304e-01 9.901837596436902089e-01 9.879266521002705304e-01 9.755513985647814579e-01 9.215780540865488035e-01
9.991571208502705304e-01 9.991571208502705304e-01 9.925905688599794274e-01 9.873391589468134555e-01 9.750924717108091500e-01 9.170510184093754180e-01
9.991571208502705304e-01 9.991571208502740831e-01 9.921368846436884326e-01 9.923211833502705304e-01 9.740781625613923467e-01 9.205892025695410208e-01
9.991571208502705304e-01 9.991571208502705304e-01 9.929291484371045584e-01 9.900545299041905167e-01 9.719523638741245364e-01 9.172931559991507333e-01
9.991571208502705304e-01 9.991571208502740831e-01 9.925605510239403628e-01 9.906074260239403628e-01 9.741256199441492569e-01 9.235615608640446172e-01
9.991571208502705304e-01 9.986688396002705304e-01 9.928645335673564887e-01 9.925054820568526281e-01 9.737023815776417734e-01 9.224782600790747411e-01
9.991571208502705304e-01 9.986688396002705304e-01 9.932331309805206843e-01 9.938410960673582650e-01 9.761801444937301397e-01 9.234212799772556490e-01
9.991571208502705304e-01 9.991571208502723067e-01 9.958588359371045584e-01 9.935773471753996944e-01 9.727909191060102323e-01 9.235047671718108475e-01
9.991571208502705304e-01 9.991571208502705304e-01 9.970196971436884326e-01 9.929291484371027821e-01 9.704557424288684508e-01 9.246632997102779417e-01
9.991571208502705304e-01 9.991571208502723067e-01 9.968353984371045584e-01 9.913407115653569690e-01 9.724187650274589423e-01 9.242015853794500746e-01
9.991571208502705304e-01 9.991571208502723067e-01 9.958588359371063348e-01 9.916549099241969145e-01 9.719489555804674552e-01 9.248847930694867880e-01
