9.991571208502705304e-01 9.986688396002723067e-01 7.167454361000320517e-01 1.921513102651264404e-01 9.349885988490669320e-02 4.863215355738415013e-02
9.991571208502705304e-01 9.991571208502705304e-01 7.167321156009123229e-01 1.876886074161472351e-01 9.430018884674318258e-02 5.024646408434407796e-02
9.991571208502705304e-01 9.991571208502705304e-01 7.214928873210126881e-01 1.958519880612925590e-01 8.935718883612953078e-02 4.763759780715215442e-02
9.991571208502705304e-01 9.991571208502705304e-01 7.198096427524909302e-01 1.916916622767921297e-01 9.039685183211698671e-02 4.713094510399540304e-02
9.991571208502705304e-01 9.986688396002705304e-01 7.195288362902996226e-01 1.881314263933262509e-01 8.727622596074091632e-02 4.492632092602732996e-02
9.991571208502705304e-01 9.981805583502705304e-01 7.083273682587911679e-01 1.857742307055332276e-01 9.221144893549571009e-02 4.207726493880237228e-02
9.991571208502705304e-01 9.991571208502723067e-01 7.077814485823115120e-01 1.860834739129408888e-01 9.017514790655578594e-02 3.730627437271882840e-02
9.991571208502705304e-01 9.986688396002723067e-01 7.047319425570250928e-01 1.888918316423353616e-01 9.126456259156334738e-02 3.504207348873844552e-02
9.991571208502705304e-01 9.986688396002705304e-01 6.907455089648681934e-01 1.889352003185340578e-01 9.533787827337469878e-02 3.076001674501682714e-02
9.991571208502705304e-01 9.981805583502723067e-01 6.955776567044669179e-01 1.924664649729699306e-01 9.229289304422216844e-02 2.766952860464910735e-02
9.991571208502705304e-01 9.986688396002723067e-01 6.920392022936070475e-01 2.033073160506013721e-01 8.538065732525801366e-02 2.447372028056182813e-02
9.991571208502705304e-01 9.986688396002705304e-01 6.943656358157088704e-01 1.983710133247758023e-01 8.861048618227762574e-02 2.157477210596625561e-02
9.991571208502705304e-01 9.991571208502705304e-01 6.957779082666277759e-01 1.910890997971730343e-01 8.501260938567067882e-02 1.853678760190513586e-02
9.991571208502705304e-01 9.991571208502705304e-01 6.983710977191694980e-01 1.997703549564064929e-01 8.717662134320214307e-02 1.515041356497492941e-02
9.991571208502705304e-01 9.986688396002705304e-01 6.949628901653532864e-01 1.924599970894504963e-01 8.959569449012860787e-02 1.217796731311682201e-02
9.991571208502705304e-01 9.976922771002705304e-01 6.929283210474181942e-01 1.898283532350664160e-01 8.210272948207908428e-02 8.676271811730584815e-03
9.991571208502705304e-01 9.986688396002705304e-01 7.004856009405813211e-01 2.002283209343449499e-01 8.699337125217176947e-02 7.352638019908486200e-03
9.991571208502705304e-01 9.986688396002705304e-01 6.969556192065855527e-01 2.010986324030472616e-01 9.162513077726242017e-02 5.740670969118566447e-03
9.991571208502705304e-01 9.986688396002705304e-01 7.135505279712894833e-01 2.030103264683731368e-01 9.323221466176967454e-02 4.482720618899982412e-03
9.991571208502705304e-01 9.976922771002705304e-01 7.067180048344301468e-01 2.062287487586438317e-01 9.817604297336046670e-02 2.881409345352192730e-03
9.991571208502705304e-01 9.967157146002705304e-01 7.078659057752112460e-01 2.108589736491151001e-01 9.666114055020180729e-02 3.488866033151571955e-03
9.991571208502705304e-01 9.986688396002705304e-01 7.147404439797551134e-01 2.118025693069807147e-01 9.783799042028107351e-02 3.099799104210543277e-03
9.991571208502705304e-01 9.991571208502705304e-01 7.169802648785612575e-01 2.058708870618026765e-01 9.848535036561667511e-02 3.601944092086917237e-03
9.991571208502705304e-01 9.991571208502723067e-01 7.025001014381722086e-01 2.140345221412580656e-01 1.008152575296836773e-01 3.942434056422250421e-03
9.991571208502705304e-01 9.981805583502723067e-01 7.085109998298051437e-01 2.158181091624964409e-01 1.024693099409832442e-01 4.210573824198871051e-03
9.991571208502705304e-01 9.981805583502705304e-01 7.109413425834496536e-01 2.309314395769686001e-01 1.029927030773194474e-01 3.648150321246657057e-03
9.991571208502705304e-01 9.976922771002723067e-01 7.030635605781299091e-01 2.248107431164942938e-01 1.048617306983032904e-01 5.326236562394282004e-03
9.991571208502705304e-01 9.986688396002705304e-01 7.244588851476407854e-01 2.301814684194649629e-01 1.097568093550416179e-01 6.409252538206899885e-03
9.991571208502705304e-01 9.986688396002723067e-01 7.262415138334219478e-01 2.274227956959151697e-01 1.055625224874887635e-01 8.718337934590092431e-03
9.991571208502705304e-01 9.986688396002723067e-01 7.233516324340900638e-01 2.266864690239618341e-01 1.070210473670778484e-01 1.140619786029262173e-02
9.991571208502705304e-01 9.986688396002723067e-01 7.180261561344369881e-01 2.364881456844507568e-01 1.118902984791469990e-01 1.248522829074705243e-02
9.991571208502705304e-01 9.981805583502723067e-01 7.134584647248978229e-01 2.360358368101795890e-01 1.134917549443663631e-01 1.464432647916691366e-02
9.991571208502705304e-01 9.986688396002705304e-01 7.191778589456774284e-01 2.476477583963205831e-01 1.175798545045552146e-01 1.600764823957900873e-02
9.991571208502705304e-01 9.976922771002723067e-01 7.267900328149323741e-01 2.423937605310033661e-01 1.145582073513553567e-01 1.708859798844697409e-02
9.991571208502705304e-01 9.976922771002723067e-01 7.298740955714020373e-01 2.479141210104351956e-01 1.136335698322259447e-01 1.720437148520925774e-02
9.991571208502705304e-01 9.967157146002705304e-01 7.281892175091915220e-01 2.469635151352171931e-01 1.172923123097380227e-01 1.819082698550822386e-02
9.991571208502705304e-01 9.972039958502705304e-01 7.357087929077543720e-01 2.489136864676719796e-01 1.210987985966438529e-01 2.028685978962796455e-02
9.991571208502705304e-01 9.981805583502705304e-01 7.368059479362933928e-01 2.485273706872757060e-01 1.207813839858449256e-01 2.396394560203152224e-02
9.991571208502705304e-01 9.967157146002723067e-01 7.398193053918582507e-01 2.490543177809936282e-01 1.254009097676025419e-01 2.645207746650957148e-02
9.991571208502705304e-01 9.967157146002705304e-01 7.398522153952598046e-01 2.545063487817174064e-01 1.284754888834873654e-01 2.786541174030254808e-02
9.991571208502705304e-01 9.981805583502705304e-01 7.500795181723667326e-01 2.630752289327382698e-01 1.303341009901224368e-01 2.816925109366419377e-02
9.991571208502705304e-01 9.991571208502723067e-01 7.516394895499249884e-01 2.633595593494497678e-01 1.290167258099641501e-01 2.967389006570719800e-02
9.991571208502705304e-01 9.981805583502723067e-01 7.577138107027714398e-01 2.770464448140135261e-01 1.356669640396441778e-01 3.102529116248575747e-02
9.991571208502705304e-01 9.976922771002705304e-01 7.500222269506728878e-01 2.741731107314908655e-01 1.379486727016985270e-01 3.224279696822973662e-02
9.991571208502705304e-01 9.986688396002705304e-01 7.490021000413733532e-01 2.837110665545043986e-01 1.377637255366712665e-01 3.718010005040328636e-02
9.991571208502705304e-01 9.981805583502705304e-01 7.580731953781416621e-01 2.755906625236761442e-01 1.357548922140221492e-01 3.869934301683919387e-02
9.991571208502705304e-01 9.986688396002705304e-01 7.618565221691540046e-01 2.836467454601425686e-01 1.389630844498261908e-01 4.067108963841903346e-02
9.991571208502705304e-01 9.986688396002705304e-01 7.690037658606279081e-01 2.821336448472990810e-01 1.400087513986640886e-01 3.998832058577228565e-02
9.991571208502705304e-01 9.986688396002705304e-01 7.611282436352606595e-01 2.825584433919008376e-01 1.400635880308334080e-01 4.147168737476647493e-02
9.991571208502705304e-01 9.986688396002705304e-01 7.626963976045377791e-01 2.902384314639867569e-01 1.454743114899175183e-01 4.455084613412063632e-02
9.991571208502705304e-01 9.986688396002705304e-01 7.667076438427322671e-01 2.981276629990787796e-01 1.473119839566834344e-01 4.580937439638033126e-02
9.991571208502705304e-01 9.986688396002705304e-01 7.767159161910868193e-01 3.025343442996550891e-01 1.514465815559180584e-01 4.728781835390760691e-02
9.991571208502705304e-01 9.986688396002705304e-01 7.820525851211765911e-01 3.164916249571838591e-01 1.529033259344085849e-01 5.063543430041228532e-02
9.991571208502705304e-01 9.981805583502723067e-01 7.837504094092722084e-01 3.178218154936036655e-01 1.500745607457556474e-01 5.272514473614586805e-02
9.991571208502705304e-01 9.986688396002723067e-01 7.921530151018458810e-01 3.126540830284856298e-01 1.497836817476558835e-01 5.463333691959881833e-02
9.991571208502705304e-01 9.986688396002705304e-01 7.926893485731305589e-01 3.132705053590782995e-01 1.470852369623809608e-01 5.664293576013612608e-02
9.991571208502705304e-01 9.986688396002705304e-01 7.880103298980767335e-01 3.203973747870954014e-01 1.520164460056054878e-01 6.080633355955811226e-02
9.991571208502705304e-01 9.991571208502723067e-01 7.857712970424390875e-01 3.188368475869616248e-01 1.499220092464295107e-01 6.295792614898987338e-02
9.991571208502705304e-01 9.991571208502723067e-01 7.828558693312288597e-01 3.245803604794392783e-01 1.545694191437245735e-01 6.790367764759297486e-02
9.991571208502705304e-01 9.981805583502705304e-01 7.926931259467782098e-01 3.223451754361441601e-01 1.614005365615955867e-01 7.063895776254458525e-02
9.991571208502705304e-01 9.981805583502723067e-01 8.047571092591994102e-01 3.267184882683125124e-01 1.627264420956038293e-01 7.095848962323492159e-02
9.991571208502705304e-01 9.986688396002705304e-01 8.073152799046638961e-01 3.345135400631775724e-01 1.667343666367875343e-01 7.563794463197570650e-02
9.991571208502705304e-01 9.986688396002705304e-01 7.983051397122942205e-01 3.383498628904852978e-01 1.721101617513749460e-01 7.927565600241859300e-02
9.991571208502705304e-01 9.981805583502705304e-01 8.080558890941347272e-01 3.467837460510914127e-01 1.723370041077698644e-01 8.152811021151507020e-02
9.991571208502705304e-01 9.981805583502705304e-01 8.149484479030721928e-01 3.369703745336689593e-01 1.735794316648178182e-01 8.755655752426205751e-02
9.991571208502705304e-01 9.981805583502705304e-01 8.185745613536390408e-01 3.394196284851691559e-01 1.760614560673587903e-01 9.090962815600667213e-02
9.991571208502705304e-01 9.972039958502705304e-01 8.259356396944905754e-01 3.495258528208804449e-01 1.840359016788388757e-01 9.744083324193386630e-02
9.991571208502705304e-01 9.981805583502705304e-01 8.096279786109406018e-01 3.667034646091131833e-01 1.989070784819313431e-01 1.014122552073857264e-01
9.991571208502705304e-01 9.981805583502705304e-01 8.090169463657517213e-01 3.699633437300651195e-01 1.945155396633220235e-01 1.067394477195779956e-01
9.991571208502705304e-01 9.976922771002705304e-01 8.155705783927746921e-01 3.661360087339637914e-01 1.979764976399822629e-01 1.099040029148583564e-01
9.991571208502705304e-01 9.976922771002705304e-01 8.108565190684409174e-01 3.860719703309793971e-01 2.086511559237145264e-01 1.167589445882035726e-01
9.991571208502705304e-01 9.975079783936884326e-01 8.112314633146482379e-01 3.999496819106234113e-01 2.145297752726333940e-01 1.223641401615438440e-01
9.991571208502705304e-01 9.970196971436884326e-01 8.072989728522532715e-01 3.978217852869896376e-01 2.197684771656120972e-01 1.289552311824051500e-01
9.991571208502705304e-01 9.976922771002705304e-01 8.174004171732818236e-01 3.959654916174990547e-01 2.315441439414360758e-01 1.356002402080935809e-01
9.991571208502705304e-01 9.972039958502705304e-01 8.294495809757975735e-01 4.076203292431284098e-01 2.354973907492903251e-01 1.446041787726404237e-01
9.991571208502705304e-01 9.991571208502705304e-01 8.345287672419043901e-01 4.146975086734236982e-01 2.392019444264192884e-01 1.532787356772047360e-01
9.991571208502705304e-01 9.986688396002723067e-01 8.359755363041241338e-01 4.145273489202470074e-01 2.446349969948222736e-01 1.609984233697066003e-01
9.991571208502705304e-01 9.986688396002705304e-01 8.389309851504620497e-01 4.219808152555106773e-01 2.526508537513860730e-01 1.705902124693059463e-01
9.991571208502705304e-01 9.986688396002723067e-01 8.439854832960289599e-01 4.322085475453043557e-01 2.634372612461737262e-01 1.813079331564848573e-01
9.991571208502705304e-01 9.991571208502705304e-01 8.471934322956400365e-01 4.357065548913663378e-01 2.774492756251829562e-01 1.955124410690958214e-01
9.991571208502705304e-01 9.972039958502705304e-01 8.505450588430569780e-01 4.371000899190349287e-01 2.870043639623123255e-01 2.041500988648339288e-01
9.991571208502705304e-01 9.991571208502723067e-01 8.435696757881352426e-01 4.407580410255782510e-01 2.910334899163284916e-01 2.152431072393854450e-01
9.991571208502705304e-01 9.976922771002705304e-01 8.516380658077338239e-01 4.780609598851928155e-01 3.118201049625657362e-01 2.287657091217303318e-01
9.991571208502705304e-01 9.972039958502705304e-01 8.485012104221816287e-01 4.854359923855469106e-01 3.143169332906818880e-01 2.423424817239316909e-01
9.991571208502705304e-01 9.972039958502705304e-01 8.584811519648027911e-01 4.942521747714661018e-01 3.400866282312655642e-01 2.621096332938517293e-01
9.991571208502705304e-01 9.986688396002723067e-01 8.581664183816588576e-01 5.058545160799727824e-01 3.482430694518816594e-01 2.747978892601627976e-01
9.991571208502705304e-01 9.986688396002723067e-01 8.601439245999475958e-01 5.170997194474615810e-01 3.628996685921004328e-01 2.943182495730196635e-01
9.991571208502705304e-01 9.986688396002723067e-01 8.661008244731025485e-01 5.306597745233094798e-01 3.835478847894044918e-01 3.137842541118418538e-01
9.991571208502705304e-01 9.991571208502705304e-01 8.732958134836028563e-01 5.324642711888234459e-01 4.008271919658730198e-01 3.280094803515840596e-01
9.991571208502705304e-01 9.991571208502705304e-01 8.725721141473812281e-01 5.439386072730965083e-01 4.174434997292442162e-01 3.482049067392125608e-01
9.991571208502705304e-01 9.991571208502723067e-01 8.721774081830915293e-01 5.674863826122624744e-01 4.342390737231696107e-01 3.685348718997065731e-01
9.991571208502705304e-01 9.991571208502705304e-01 8.887523672101931282e-01 5.709338431007680015e-01 4.572192690618495092e-01 3.887276228264848754e-01
9.991571208502705304e-01 9.981805583502705304e-01 8.909873157899301788e-01 5.895908711093635901e-01 4.688936124153295637e-01 4.084525073382110349e-01
9.991571208502705304e-01 9.986688396002705304e-01 8.862139713113421635e-01 6.182855748561486564e-01 4.859209762168177349e-01 4.246119421458107723e-01
9.991571208502705304e-01 9.986688396002705304e-01 8.970807690506354959e-01 6.383967869641917758e-01 5.013234909794430649e-01 4.443612460252781560e-01
9.991571208502705304e-01 9.986688396002705304e-01 8.883365597022994109e-01 6.559187562142536621e-01 5.254515643714228190e-01 4.645492690174357620e-01
9.991571208502705304e-01 9.986688396002705304e-01 8.867220142794263182e-01 6.596117459165729002e-01 5.436699778346820722e-01 4.799586428900575186e-01
9.991571208502705304e-01 9.991571208502705304e-01 8.952621632030943744e-01 6.618955080555579684e-01 5.520262900415042751e-01 4.949630768736472675e-01
9.991571208502705304e-01 9.986688396002723067e-01 8.952928509518933708e-01 6.801349211307137210e-01 5.644544256393855264e-01 5.130973549099722142e-01
9.991571208502705304e-01 9.986688396002723067e-01 9.044798587883384755e-01 6.916642024956551893e-01 5.770373526122503094e-01 5.221660644377452698e-01
9.991571208502705304e-01 9.986688396002705304e-01 9.031039708238441932e-01 7.058412851953672629e-01 5.914808485592892850e-01 5.328220081987664614e-01
9.991571208502705304e-01 9.981805583502705304e-01 9.064919620403397715e-01 7.136258352957103313e-01 6.044308034796346263e-01 5.442240573791572444e-01
9.991571208502705304e-01 9.981805583502705304e-01 9.109952510964589578e-01 7.157421287867009596e-01 6.122168485405445892e-01 5.516378610485048739e-01
9.991571208502705304e-01 9.981805583502723067e-01 9.095027867560148138e-01 7.203215027905347512e-01 6.145275384049169176e-01 5.603022529360170978e-01
9.991571208502705304e-01 9.976922771002705304e-01 9.099995967911311823e-01 7.316303353466171444e-01 6.167677159940749831e-01 5.680510826637044097e-01
9.991571208502705304e-01 9.981805583502705304e-01 9.071708485274285749e-01 7.308033326438607702e-01 6.280600102445772492e-01 5.754007155732114853e-01
9.991571208502705304e-01 9.976922771002705304e-01 9.186234523898733073e-01 7.362241482694251715e-01 6.362524371152105118e-01 5.811620656813514252e-01
9.991571208502705304e-01 9.976922771002705304e-01 9.163782879947159898e-01 7.392819726574320072e-01 6.375828764048208086e-01 5.866593047353418910e-01
9.991571208502705304e-01 9.976922771002723067e-01 9.118023502055034868e-01 7.410109299643323766e-01 6.448399023279201003e-01 5.887331146245387004e-01
9.991571208502705304e-01 9.976922771002705304e-01 9.070109310391334390e-01 7.433073130167571207e-01 6.460760788636603635e-01 5.909907170523727160e-01
9.991571208502705304e-01 9.981805583502705304e-01 9.101037753995822044e-01 7.407112838478351335e-01 6.532687174505689143e-01 5.925787821992356541e-01
9.991571208502705304e-01 9.976922771002723067e-01 9.107707187384175285e-01 7.466098036601955812e-01 6.614465651326542073e-01 5.992993924646921045e-01
9.991571208502705304e-01 9.972039958502705304e-01 9.114189174767091117e-01 7.575673289330246973e-01 6.578291017083053305e-01 6.001917990113390111e-01
9.991571208502705304e-01 9.976922771002723067e-01 9.073749089520966038e-01 7.601651721239068848e-01 6.627910597814636873e-01 6.011209870558107404e-01
9.991571208502705304e-01 9.967157146002705304e-01 9.083016918979716081e-01 7.618160040119192900e-01 6.654185625387007974e-01 6.043077630177924320e-01
9.991571208502705304e-01 9.972039958502705304e-01 9.065424115072175937e-01 7.602316680380347691e-01 6.686443547948641708e-01 6.072957270838434951e-01
9.991571208502705304e-01 9.981805583502705304e-01 9.071605924094754414e-01 7.586675230229893430e-01 6.747807404779999629e-01 6.128433255930452184e-01
9.991571208502705304e-01 9.981805583502705304e-01 9.086617605260212116e-01 7.599581271775690539e-01 6.782666841329332286e-01 6.144903337070206639e-01
9.991571208502705304e-01 9.986688396002705304e-01 9.091681164638014678e-01 7.601538268858973879e-01 6.791328889299279581e-01 6.175314244476739489e-01
9.991571208502705304e-01 9.986688396002705304e-01 9.131168223698686859e-01 7.703443559365652504e-01 6.769760107765723234e-01 6.222990947062498890e-01
9.991571208502705304e-01 9.986688396002705304e-01 9.116906599294800628e-01 7.713902724230798924e-01 6.803511095365664119e-01 6.249358717713149325e-01
9.991571208502705304e-01 9.991571208502705304e-01 9.181563129860084160e-01 7.658112584711957993e-01 6.840713995402145642e-01 6.284696469663355600e-01
9.991571208502705304e-01 9.991571208502705304e-01 9.204812747713315702e-01 7.700640000312333200e-01 6.847951045611280207e-01 6.297262433872603538e-01
9.991571208502705304e-01 9.991571208502723067e-01 9.280787883159504759e-01 7.767222494850045678e-01 6.869607151705405812e-01 6.331045183324834902e-01
9.991571208502705304e-01 9.991571208502705304e-01 9.277504245542456118e-01 7.805062530401105647e-01 6.916543341061149874e-01 6.341984225681223108e-01
9.991571208502705304e-01 9.991571208502705304e-01 9.234409801073706348e-01 7.792116411330312076e-01 6.849660504894616864e-01 6.354970194291693630e-01
9.991571208502705304e-01 9.991571208502705304e-01 9.256193073781702196e-01 7.827407698703758854e-01 6.901454978040684196e-01 6.357321126004316092e-01
9.991571208502705304e-01 9.991571208502705304e-01 9.264052646410796399e-01 7.809871463758408794e-01 6.931498881877677931e-01 6.372473515786696296e-01
9.991571208502705304e-01 9.991571208502705304e-01 9.258375332057031670e-01 7.773967712268810004e-01 6.974357938315387528e-01 6.398748899118236189e-01
9.991571208502705304e-01 9.991571208502705304e-01 9.313180949771187045e-01 7.812382833657416370e-01 7.016584856394354475e-01 6.448391644483146834e-01
9.991571208502705304e-01 9.991571208502723067e-01 9.337973376329831154e-01 7.853024099125534008e-01 7.074555807732245682e-01 6.468944727963581443e-01
9.991571208502705304e-01 9.991571208502705304e-01 9.279845028149527053e-01 7.890977622355617171e-01 7.055127229135944589e-01 6.500633217978490919e-01
9.991571208502705304e-01 9.986688396002723067e-01 9.303052081105693816e-01 7.886961484944237100e-01 7.143017674831302344e-01 6.504940858571570672e-01
9.991571208502705304e-01 9.986688396002705304e-01 9.343226131622905939e-01 7.963934599241877521e-01 7.134332812248027622e-01 6.520724864284637157e-01
9.991571208502705304e-01 9.986688396002705304e-01 9.330727558676681355e-01 7.948252155200101754e-01 7.170059617973336685e-01 6.563119034996449663e-01
9.991571208502705304e-01 9.986688396002723067e-01 9.357874569122870412e-01 7.935568548737954586e-01 7.145130744039542847e-01 6.579993528274963310e-01
9.991571208502705304e-01 9.981805583502723067e-01 9.395984042937435277e-01 7.949793766291932684e-01 7.148820724360280821e-01 6.610279067118112195e-01
9.991571208502705304e-01 9.986688396002723067e-01 9.371876857925389714e-01 8.045517008139331239e-01 7.239479096566006078e-01 6.640155516238763767e-01
9.991571208502705304e-01 9.986688396002705304e-01 9.452734805871596535e-01 8.072644734637641761e-01 7.252728229539355809e-01 6.678286064311556025e-01
9.991571208502705304e-01 9.991571208502705304e-01 9.444261478266575693e-01 8.070789567097573780e-01 7.267980109640204134e-01 6.704998928912893064e-01
9.991571208502705304e-01 9.991571208502705304e-01 9.443859141751964614e-01 8.067998050158990964e-01 7.293164207854134773e-01 6.708826294495695564e-01
9.991571208502705304e-01 9.986688396002723067e-01 9.472266055871578772e-01 8.171644175074046501e-01 7.305696382868855920e-01 6.737539761537845173e-01
9.991571208502705304e-01 9.986688396002705304e-01 9.457617618371596535e-01 8.125633857872198718e-01 7.371003940875562321e-01 6.782769481662143107e-01
9.991571208502705304e-01 9.981805583502723067e-01 9.494837131305775557e-01 8.114026761835777535e-01 7.410590593046633145e-01 6.822335249246145317e-01
9.991571208502705304e-01 9.991571208502723067e-01 9.511328555871578772e-01 8.149741821809612929e-01 7.412494695997722260e-01 6.866316997505115260e-01
9.991571208502705304e-01 9.991571208502723067e-01 9.545847514581122795e-01 8.210151350758021493e-01 7.422907745835001236e-01 6.906249746430765946e-01
9.991571208502705304e-01 9.991571208502705304e-01 9.556163829251946851e-01 8.270535602547415266e-01 7.472052846952212946e-01 6.878426566236339745e-01
9.991571208502705304e-01 9.991571208502705304e-01 9.572655253817785592e-01 8.285220445118568477e-01 7.488904695431521930e-01 6.914457691796935812e-01
9.991571208502705304e-01 9.991571208502723067e-01 9.530615993688709153e-01 8.345251881216224632e-01 7.551325071116723464e-01 6.970773585719314269e-01
9.991571208502705304e-01 9.991571208502723067e-01 9.612363902515284053e-01 8.399178663417572466e-01 7.622487155021824279e-01 6.997724983410624766e-01
9.991571208502705304e-01 9.991571208502723067e-01 9.614206889581069504e-01 8.473953993767260329e-01 7.660617547813108885e-01 7.024882569508839048e-01
9.991571208502705304e-01 9.986688396002705304e-01 9.617892863712746987e-01 8.462636868111772515e-01 7.687943955579541466e-01 7.061686898879715457e-01
9.991571208502705304e-01 9.986688396002723067e-01 9.619185161107761672e-01 8.496815095576497612e-01 7.644044283478956814e-01 7.072989010999264359e-01
9.991571208502705304e-01 9.991571208502705304e-01 9.597810924041922931e-01 8.469777544832624017e-01 7.671934931568848981e-01 7.087123702913027401e-01
9.991571208502705304e-01 9.991571208502723067e-01 9.636227275344424470e-01 8.515665280313342578e-01 7.767530619742615272e-01 7.119278684749099639e-01
9.991571208502705304e-01 9.991571208502723067e-01 9.626059313829813391e-01 8.469478408909303369e-01 7.787220737094120437e-01 7.170414811895708951e-01
9.991571208502705304e-01 9.986688396002723067e-01 9.669517001964056391e-01 8.582658546153609791e-01 7.863916071122654117e-01 7.181304174144753638e-01
9.991571208502705304e-01 9.986688396002705304e-01 9.653671726095698347e-01 8.605611146893554775e-01 7.901380305873866305e-01 7.200513823931480317e-01
9.991571208502705304e-01 9.986688396002705304e-01 9.585556163278585728e-01 8.565865530510237136e-01 7.824528178874112783e-01 7.216488714206636956e-01
9.991571208502705304e-01 9.991571208502705304e-01 9.600204600778603492e-01 8.592589163846469091e-01 7.902975700627852262e-01 7.243305995457354207e-01
9.991571208502705304e-01 9.991571208502705304e-01 9.626705462527329615e-01 8.551569326856629516e-01 7.899387368581383129e-01 7.272565655418219421e-01
9.991571208502705304e-01 9.986688396002705304e-01 9.586996813829813391e-01 8.578420437040961133e-01 7.975263205753293505e-01 7.285599457177305283e-01
9.991571208502705304e-01 9.991571208502723067e-01 9.588193652198171435e-01 8.622972139737861141e-01 7.991455490804764139e-01 7.305036904344066606e-01
9.991571208502705304e-01 9.991571208502705304e-01 9.576097415766540166e-01 8.637876300392175466e-01 8.019405746183787542e-01 7.344981079495367382e-01
9.991571208502705304e-01 9.986688396002705304e-01 9.568481655320368873e-01 8.568384622173716991e-01 8.110314875506636767e-01 7.380620186933386506e-01
9.991571208502705304e-01 9.986688396002705304e-01 9.599558452081105031e-01 8.641592485307789673e-01 8.115585745449553912e-01 7.430977072348321499e-01
9.991571208502705304e-01 9.981805583502705304e-01 9.615403727949427548e-01 8.662268242161168530e-01 8.189710198749624581e-01 7.446468421462824061e-01
9.991571208502705304e-01 9.986688396002705304e-01 9.642857615883606570e-01 8.721551129192874896e-01 8.141413697947283978e-01 7.499115272419887290e-01
9.991571208502705304e-01 9.991571208502723067e-01 9.613560740883606570e-01 8.809838754581118536e-01 8.267553178885327370e-01 7.580910124571644815e-01
9.991571208502705304e-01 9.991571208502705304e-01 9.640559398173582650e-01 8.896013461516947274e-01 8.284853320250364916e-01 7.616972542841300431e-01
9.991571208502705304e-01 9.986688396002723067e-01 9.639267100778603492e-01 8.871675089119559487e-01 8.313822556741454761e-01 7.653192178995538164e-01
9.991571208502705304e-01 9.991571208502723067e-01 9.664327311976066426e-01 8.880640868081108863e-01 8.352812894266401500e-01 7.691304593685051039e-01
9.991571208502705304e-01 9.986688396002705304e-01 9.683212413278567965e-01 8.903599011179164080e-01 8.418448754885057284e-01 7.755953571286215986e-01
9.991571208502705304e-01 9.991571208502705304e-01 9.712509288278603492e-01 8.896823254165440176e-01 8.414317681056777687e-01 7.791307267629026256e-01
9.991571208502705304e-01 9.991571208502705304e-01 9.685701549041887404e-01 8.908517524514749653e-01 8.434238198562304945e-01 7.850433367779192650e-01
9.991571208502705304e-01 9.991571208502705304e-01 9.661838176212782514e-01 8.941710182597084611e-01 8.537395174398030306e-01 7.841262795868011448e-01
9.991571208502705304e-01 9.981805583502705304e-01 9.634786624793196808e-01 8.957429590481371662e-01 8.546740486880217702e-01 7.844627561570733931e-01
9.991571208502705304e-01 9.986688396002705304e-01 9.683858561976066426e-01 9.060807732268134629e-01 8.602428542217133156e-01 7.884807226746026743e-01
9.991571208502705304e-01 9.986688396002705304e-01 9.707075786107743909e-01 9.047714032617264479e-01 8.626219399947530064e-01 7.890223275022978378e-01
9.991571208502705304e-01 9.986688396002723067e-01 9.756856937293179044e-01 9.049471731831921772e-01 8.623295632893119844e-01 7.885600837074766556e-01
9.991571208502705304e-01 9.986688396002705304e-01 9.729000712844406706e-01 9.106125688854902478e-01 8.596472165236566099e-01 7.899381856271787683e-01
9.991571208502705304e-01 9.991571208502705304e-01 9.717794437293179044e-01 9.037433741772975537e-01 8.644544117031367492e-01 7.932397501297552278e-01
9.991571208502705304e-01 9.991571208502705304e-01 9.714352275344442234e-01 9.095379059854984405e-01 8.627629928388431679e-01 7.965793226050290610e-01
9.991571208502705304e-01 9.991571208502723067e-01 9.691781199910245448e-01 9.128189846000598351e-01 8.720333155192880881e-01 7.950565137751648415e-01
9.991571208502705304e-01 9.991571208502705304e-01 9.700106174359000022e-01 9.183155202590107535e-01 8.734287453931957046e-01 7.953471950716672900e-01
9.991571208502705304e-01 9.991571208502705304e-01 9.747091312293196808e-01 9.176275156791131593e-01 8.762043113084416746e-01 7.972443666621389369e-01
9.991571208502705304e-01 9.991571208502705304e-01 9.743405338161537088e-01 9.140276051655895628e-01 8.740460604383475385e-01 8.027453596626161758e-01
9.991571208502705304e-01 9.991571208502705304e-01 9.724117900344406706e-01 9.204091885365421888e-01 8.790600893467237498e-01 8.012428567541425295e-01
9.991571208502705304e-01 9.991571208502723067e-01 9.713706126646961536e-01 9.164027095155375946e-01 8.798452056811036925e-01 8.032214344491506175e-01
9.991571208502705304e-01 9.991571208502705304e-01 9.717698978266575693e-01 9.146180307889508754e-01 8.748794485651281150e-01 8.039573020577530649e-01
9.991571208502705304e-01 9.991571208502705304e-01 9.723874088161554852e-01 9.135016597235257052e-01 8.795980494912045700e-01 8.048692627631175434e-01
9.991571208502705304e-01 9.991571208502705304e-01 9.743649150344424470e-01 9.202697026790911394e-01 8.817518149153196205e-01 8.062783174601257929e-01
9.991571208502705304e-01 9.986688396002705304e-01 9.758297587844388943e-01 9.244993900383384755e-01 8.818110608283049601e-01 8.068857693890092442e-01
9.991571208502705304e-01 9.991571208502740831e-01 9.749178111541922931e-01 9.233513544091067615e-01 8.838831578945258727e-01 8.071269906673697037e-01
9.991571208502705304e-01 9.986688396002723067e-01 9.743649150344424470e-01 9.314316875769623749e-01 8.846232760973089526e-01 8.080354400530882497e-01
9.991571208502705304e-01 9.981805583502723067e-01 9.731489848607726145e-01 9.263757690008134205e-01 8.905622245624078559e-01 8.080774945440221124e-01
9.991571208502705304e-01 9.981805583502705304e-01 9.747335124476084189e-01 9.280111090650340344e-01 8.943947944767485225e-01 8.099483493492198871e-01
9.991571208502705304e-01 9.981805583502723067e-01 9.783357799041905167e-01 9.302556035474349727e-01 8.931829149827770209e-01 8.121202412793828707e-01
9.991571208502705304e-01 9.976922771002705304e-01 9.782160960673564887e-01 9.346583408745807731e-01 8.964098128693978040e-01 8.145630479628329645e-01
9.991571208502705304e-01 9.976922771002723067e-01 9.737018809805224606e-01 9.366516995260418810e-01 8.965431805410339905e-01 8.161992161846334248e-01
9.991571208502705304e-01 9.976922771002705304e-01 9.778231174359000022e-01 9.383691939234850565e-01 8.960562890304748507e-01 8.169415606342942393e-01
9.991571208502705304e-01 9.991571208502705304e-01 9.744539111224792549e-01 9.355748677025026439e-01 9.000496271910600754e-01 8.181236382553231934e-01
9.991571208502705304e-01 9.991571208502723067e-01 9.700996135239385865e-01 9.353230619588046579e-01 9.016213484827115821e-01 8.218764046651059196e-01
9.991571208502705304e-01 9.991571208502705304e-01 9.729096171871027821e-01 9.420619695074208266e-01 9.041471290798517302e-01 8.215835826113844220e-01
9.991571208502705304e-01 9.991571208502705304e-01 9.762873522856452269e-01 9.403142850601398095e-01 9.066946695396813638e-01 8.237429941116043430e-01
9.991571208502705304e-01 9.991571208502705304e-01 9.812410861859017785e-01 9.423218091144658359e-01 9.026269578061496546e-01 8.259273517275276255e-01
9.991571208502705304e-01 9.991571208502705304e-01 9.756613125110309426e-01 9.474630810934598912e-01 9.051104330692343325e-01 8.299692181402693603e-01
9.991571208502705304e-01 9.991571208502705304e-01 9.807528049359017785e-01 9.455067167213044854e-01 9.149413809995445845e-01 8.331696894049420710e-01
9.991571208502705304e-01 9.991571208502723067e-01 9.792572734371045584e-01 9.469811063739683732e-01 9.132109817164435484e-01 8.320846468535272322e-01
9.991571208502705304e-01 9.991571208502705304e-01 9.776325121988111988e-01 9.455769682088046579e-01 9.178588260040081437e-01 8.361313575257383057e-01
9.991571208502705304e-01 9.991571208502723067e-01 9.781514811976084189e-01 9.450891818805757794e-01 9.190442150163065094e-01 8.412114585585988014e-01
9.991571208502705304e-01 9.991571208502705304e-01 9.748044338478649706e-01 9.447483800488392092e-01 9.177083056900032787e-01 8.443467121545802367e-01
9.991571208502705304e-01 9.991571208502705304e-01 9.755013950227375830e-01 9.470991031805002791e-01 9.232970357007808104e-01 8.445879313583690706e-01
9.991571208502705304e-01 9.991571208502705304e-01 9.791036624793196808e-01 9.518763569440018557e-01 9.264074860898521280e-01 8.512905708817533057e-01
9.991571208502705304e-01 9.991571208502723067e-01 9.788240611541887404e-01 9.569010122445131827e-01 9.300581625920170126e-01 8.532528141995239235e-01
9.991571208502705304e-01 9.991571208502723067e-01 9.839557872305206843e-01 9.572230694757113412e-01 9.318322722619107878e-01 8.575335313874408172e-01
9.991571208502705304e-01 9.991571208502705304e-01 9.803535197739385865e-01 9.569773952715330267e-01 9.359240834482447369e-01 8.621076209078770702e-01
9.991571208502705304e-01 9.986688396002705304e-01 9.821625797188158202e-01 9.601220692269123447e-01 9.428342562892346734e-01 8.681353023241353828e-01
9.991571208502705304e-01 9.981805583502705304e-01 9.849323497305224606e-01 9.645812153466604144e-01 9.453565060867425984e-01 8.702257013983800693e-01
9.991571208502705304e-01 9.986688396002705304e-01 9.829146098607726145e-01 9.610583980754530131e-01 9.491282369342837200e-01 8.756971300680453929e-01
9.991571208502705304e-01 9.986688396002705304e-01 9.835871898173547123e-01 9.641353900027329615e-01 9.568498525623407858e-01 8.837677824236689350e-01
9.991571208502705304e-01 9.976922771002723067e-01 9.870697734371063348e-01 9.692309667035026166e-01 9.598526837172061121e-01 8.959395022430509670e-01
9.991571208502705304e-01 9.986688396002705304e-01 9.880463359371063348e-01 9.708981838478667470e-01 9.669791485730474534e-01 8.980355191679783022e-01
9.991571208502705304e-01 9.986688396002705304e-01 9.887496036424856527e-01 9.745587596436884326e-01 9.669675526295771206e-01 9.053486338963261382e-01
9.991571208502705304e-01 9.976922771002705304e-01 9.873737559805206843e-01 9.746784434805224606e-01 9.688115085069863852e-01 9.091804614914812399e-01
9.991571208502705304e-01 9.981805583502705304e-01 9.880770236859035549e-01 9.742113040766575693e-01 9.672834783212520549e-01 9.126530473159959467e-01
9.991571208502705304e-01 9.981805583502705304e-01 9.872847598924838763e-01 9.720149021180723992e-01 9.709564921871063348e-01 9.185449947659375391e-01
9.991571208502705304e-01 9.986688396002723067e-01 9.868208598607743909e-01 9.787067745629514093e-01 9.759642779369022136e-01 9.215053072387551225e-01
9.991571208502705304e-01 9.986688396002705304e-01 9.874934398173582650e-01 9.768063212844424470e-01 9.689024279508089421e-01 9.274054588393336740e-01
9.991571208502705304e-01 9.979962596436884326e-01 9.871894572739385865e-01 9.762788235005288584e-01 9.742855051516006171e-01 9.310097462265072288e-01
9.991571208502705304e-01 9.991571208502705304e-01 9.875580546871027821e-01 9.822720477402295813e-01 9.791865270278359290e-01 9.305495223990802867e-01
9.991571208502705304e-01 9.991571208502705304e-01 9.860285960673582650e-01 9.790549000427422044e-01 9.804732036107743909e-01 9.321182297748454859e-01
9.991571208502705304e-01 9.991571208502723067e-01 9.848126658936884326e-01 9.802486712527311852e-01 9.815206875110309426e-01 9.363938550444528275e-01
9.991571208502705304e-01 9.991571208502705304e-01 9.841951549041905167e-01 9.801352939464056391e-01 9.817293674359026667e-01 9.370867341324295996e-01
9.991571208502705304e-01 9.967157146002705304e-01 9.830989085673547123e-01 9.785444598290631291e-01 9.836659700899721415e-01 9.386343945491171237e-01
9.991571208502705304e-01 9.981805583502705304e-01 9.814412373256562461e-01 9.812654674041922931e-01 9.826957141204815116e-01 9.394588949358291252e-01
9.991571208502705304e-01 9.976922771002705304e-01 9.801109127281186773e-01 9.808718188599776511e-01 9.849630374793196808e-01 9.404899498913983358e-01
9.991571208502705304e-01 9.972039958502705304e-01 9.829855312610309426e-01 9.801590052519344454e-01 9.830438396002705304e-01 9.423999403877427739e-01
9.991571208502705304e-01 9.972039958502723067e-01 9.834738125110309426e-01 9.820798901612874943e-01 9.837227260873628865e-01 9.424461619205605212e-01
9.991571208502705304e-01 9.965314158936866562e-01 9.847543575544470684e-01 9.807584415536503286e-01 9.862128947739394746e-01 9.434586183575399687e-01
9.991571208502705304e-01 9.975079783936884326e-01 9.845700588478631943e-01 9.818751195213302196e-01 9.829713658581642477e-01 9.455607850795856306e-01
9.991571208502705304e-01 9.976922771002705304e-01 9.847543575544470684e-01 9.833848164229923583e-01 9.838078128904870212e-01 9.450852525222608325e-01
9.991571208502705304e-01 9.976922771002723067e-01 9.857309200544506211e-01 9.833036792073137633e-01 9.850583400978658588e-01 9.443374088509359776e-01
9.991571208502705304e-01 9.976922771002723067e-01 9.841061588161519325e-01 9.843204753587766476e-01 9.877486599241960263e-01 9.463219722857505456e-01
9.991571208502705304e-01 9.970196971436884326e-01 9.839864749793179044e-01 9.818829783936884326e-01 9.853072536741978027e-01 9.491769435943284705e-01
9.991571208502705304e-01 9.976922771002705304e-01 9.856112362176130404e-01 9.855159335990677505e-01 9.868003879273987700e-01 9.470359205657659096e-01
9.991571208502705304e-01 9.976922771002723067e-01 9.850032711307790123e-01 9.835225749476084189e-01 9.845291552836465954e-01 9.469252465749041781e-01
9.991571208502705304e-01 9.976922771002723067e-01 9.866524135873628865e-01 9.831596141521909971e-01 9.868367122939449843e-01 9.472159635704575642e-01
9.991571208502705304e-01 9.976922771002723067e-01 9.857553012727340302e-01 9.863325786107743909e-01 9.866365611541905167e-01 9.479485364008657378e-01
9.991571208502705304e-01 9.972039958502740831e-01 9.866365611541905167e-01 9.850520335673564887e-01 9.844645404138971934e-01 9.489642554847155242e-01
9.991571208502705304e-01 9.976922771002740831e-01 9.857246135239385865e-01 9.864278812293196808e-01 9.838265574910249889e-01 9.503470370858158045e-01
9.991571208502705304e-01 9.972039958502705304e-01 9.865168773173564887e-01 9.863632663595716110e-01 9.860592838161545970e-01 9.504639722284964343e-01
9.991571208502705304e-01 9.976922771002705304e-01 9.864924960990695268e-01 9.875241275661537088e-01 9.844991374476075308e-01 9.505093606669612338e-01
9.991571208502705304e-01 9.976922771002687540e-01 9.875336734688158202e-01 9.871894572739421392e-01 9.837029643692778436e-01 9.516526988867444192e-01
9.991571208502705304e-01 9.981805583502705304e-01 9.873493747622319461e-01 9.885346171871045584e-01 9.843850902285238291e-01 9.489526853460643618e-01
9.991571208502705304e-01 9.981805583502705304e-01 9.867720974241951382e-01 9.886055385873646628e-01 9.849386562610309426e-01 9.524762650907152572e-01
9.991571208502705304e-01 9.981805583502705304e-01 9.860995174676130404e-01 9.883015560439467606e-01 9.863484310439454283e-01 9.551311163555231687e-01
9.991571208502705304e-01 9.967157146002687540e-01 9.875076052202231836e-01 9.814860904773219374e-01 9.840790471874001355e-01 8.997815170640111049e-01
9.991571208502705304e-01 9.986688396002705304e-01 9.907917247305224606e-01 9.872257816404861330e-01 9.873863690415394245e-01 9.543657028035354983e-01
9.991571208502705304e-01 9.976922771002705304e-01 9.904877421871027821e-01 9.880770236859035549e-01 9.864035000110318308e-01 9.573599489247112126e-01
9.991571208502705304e-01 9.976922771002687540e-01 9.891425822739385865e-01 9.893088062927422044e-01 9.867862628270636094e-01 9.568667033588955650e-01
9.991571208502705304e-01 9.972039958502705304e-01 9.909760234371063348e-01 9.890292049676130404e-01 9.871548602402304695e-01 9.567730747599627605e-01
9.991571208502705304e-01 9.981805583502705304e-01 9.909760234371063348e-01 9.882432477047053965e-01 9.883100848290622409e-01 9.570649490764044920e-01
9.991571208502705304e-01 9.986688396002705304e-01 9.903034434805224606e-01 9.875643612176130404e-01 9.884763088478654147e-01 9.584431251019822628e-01
9.991571208502705304e-01 9.986688396002705304e-01 9.907917247305224606e-01 9.878037288912846492e-01 9.884700023173564887e-01 9.586647318285062003e-01
9.991571208502705304e-01 9.991571208502723067e-01 9.905830448056516246e-01 9.856049296871063348e-01 9.871911846067771279e-01 9.595643303713432548e-01
9.991571208502705304e-01 9.986688396002723067e-01 9.903034434805242370e-01 9.868854747305242370e-01 9.872296909253996944e-01 9.611386804820094554e-01
9.991571208502705304e-01 9.981805583502705304e-01 9.927448497305224606e-01 9.883905521319835685e-01 9.900845477402313577e-01 9.608549399827022164e-01
9.991571208502705304e-01 9.981805583502723067e-01 9.908563396002705304e-01 9.885748508385656663e-01 9.894709460356452269e-01 9.618856692224853067e-01
9.991571208502705304e-01 9.976922771002705304e-01 9.911603221436902089e-01 9.876045948690741483e-01 9.889158276612874943e-01 9.612202573341988021e-01
9.991571208502705304e-01 9.976922771002705304e-01 9.900947635556498483e-01 9.869257083819817922e-01 9.920541950861592184e-01 9.618058932868569499e-01
9.991571208502705304e-01 9.972039958502723067e-01 9.896954783936884326e-01 9.892781185439467606e-01 9.890592228036525491e-01 9.622590824142562838e-01
9.991571208502705304e-01 9.976922771002705304e-01 9.903680583502723067e-01 9.878274401968134555e-01 9.906381137727366948e-01 9.568258048917219760e-01
9.991571208502705304e-01 9.972039958502723067e-01 9.891425822739385865e-01 9.908870273490695268e-01 9.893268809805224606e-01 9.625157454804025292e-01
